{"/Users/devartech/Documents/github/meridian/cartographer/frontend/src/config.ts": {"path":"/Users/devartech/Documents/github/meridian/cartographer/frontend/src/config.ts","statementMap":{"0":{"start":{"line":10,"column":25},"end":{"line":10,"column":null}},"1":{"start":{"line":19,"column":25},"end":{"line":19,"column":null}},"2":{"start":{"line":20,"column":2},"end":{"line":20,"column":null}}},"fnMap":{"0":{"name":"apiUrl","decl":{"start":{"line":17,"column":16},"end":{"line":17,"column":23}},"loc":{"start":{"line":17,"column":45},"end":{"line":21,"column":null}},"line":17}},"branchMap":{"0":{"loc":{"start":{"line":10,"column":25},"end":{"line":10,"column":58}},"type":"binary-expr","locations":[{"start":{"line":10,"column":25},"end":{"line":10,"column":53}},{"start":{"line":10,"column":53},"end":{"line":10,"column":58}}],"line":10},"1":{"loc":{"start":{"line":19,"column":25},"end":{"line":19,"column":null}},"type":"cond-expr","locations":[{"start":{"line":19,"column":48},"end":{"line":19,"column":55}},{"start":{"line":19,"column":55},"end":{"line":19,"column":null}}],"line":19}},"s":{"0":1,"1":0,"2":0},"f":{"0":0},"b":{"0":[1,0],"1":[0,0]},"meta":{"lastBranch":2,"lastFunction":1,"lastStatement":3,"seen":{"s:10:25:10:Infinity":0,"b:10:25:10:53:10:53:10:58":0,"f:17:16:17:23":0,"s:19:25:19:Infinity":1,"b:19:48:19:55:19:55:19:Infinity":1,"s:20:2:20:Infinity":2}}}
,"/Users/devartech/Documents/github/meridian/cartographer/frontend/src/api/client.ts": {"path":"/Users/devartech/Documents/github/meridian/cartographer/frontend/src/api/client.ts","statementMap":{"0":{"start":{"line":14,"column":25},"end":{"line":14,"column":null}},"1":{"start":{"line":15,"column":24},"end":{"line":15,"column":null}},"2":{"start":{"line":24,"column":42},"end":{"line":24,"column":null}},"3":{"start":{"line":27,"column":2},"end":{"line":27,"column":null}},"4":{"start":{"line":31,"column":30},"end":{"line":37,"column":null}},"5":{"start":{"line":40,"column":0},"end":{"line":56,"column":null}},"6":{"start":{"line":42,"column":4},"end":{"line":52,"column":null}},"7":{"start":{"line":43,"column":21},"end":{"line":43,"column":null}},"8":{"start":{"line":44,"column":6},"end":{"line":49,"column":null}},"9":{"start":{"line":45,"column":26},"end":{"line":45,"column":null}},"10":{"start":{"line":46,"column":8},"end":{"line":48,"column":null}},"11":{"start":{"line":47,"column":10},"end":{"line":47,"column":null}},"12":{"start":{"line":53,"column":4},"end":{"line":53,"column":null}},"13":{"start":{"line":55,"column":13},"end":{"line":55,"column":null}},"14":{"start":{"line":59,"column":0},"end":{"line":76,"column":null}},"15":{"start":{"line":60,"column":16},"end":{"line":60,"column":null}},"16":{"start":{"line":62,"column":4},"end":{"line":73,"column":null}},"17":{"start":{"line":63,"column":18},"end":{"line":63,"column":null}},"18":{"start":{"line":65,"column":8},"end":{"line":67,"column":null}},"19":{"start":{"line":69,"column":6},"end":{"line":72,"column":null}},"20":{"start":{"line":70,"column":8},"end":{"line":70,"column":null}},"21":{"start":{"line":71,"column":8},"end":{"line":71,"column":null}},"22":{"start":{"line":74,"column":4},"end":{"line":74,"column":null}},"23":{"start":{"line":82,"column":2},"end":{"line":85,"column":null}},"24":{"start":{"line":83,"column":23},"end":{"line":83,"column":null}},"25":{"start":{"line":84,"column":4},"end":{"line":84,"column":null}},"26":{"start":{"line":86,"column":2},"end":{"line":88,"column":null}},"27":{"start":{"line":87,"column":4},"end":{"line":87,"column":null}},"28":{"start":{"line":89,"column":2},"end":{"line":89,"column":null}},"29":{"start":{"line":96,"column":2},"end":{"line":103,"column":null}},"30":{"start":{"line":97,"column":23},"end":{"line":97,"column":null}},"31":{"start":{"line":98,"column":4},"end":{"line":102,"column":null}},"32":{"start":{"line":104,"column":2},"end":{"line":107,"column":null}}},"fnMap":{"0":{"name":"setOnUnauthorized","decl":{"start":{"line":26,"column":16},"end":{"line":26,"column":34}},"loc":{"start":{"line":26,"column":62},"end":{"line":28,"column":null}},"line":26},"1":{"name":"(anonymous_1)","decl":{"start":{"line":41,"column":2},"end":{"line":41,"column":3}},"loc":{"start":{"line":41,"column":42},"end":{"line":54,"column":null}},"line":41},"2":{"name":"(anonymous_2)","decl":{"start":{"line":55,"column":2},"end":{"line":55,"column":3}},"loc":{"start":{"line":55,"column":13},"end":{"line":55,"column":null}},"line":55},"3":{"name":"(anonymous_3)","decl":{"start":{"line":60,"column":2},"end":{"line":60,"column":3}},"loc":{"start":{"line":60,"column":16},"end":{"line":60,"column":null}},"line":60},"4":{"name":"(anonymous_4)","decl":{"start":{"line":61,"column":2},"end":{"line":61,"column":3}},"loc":{"start":{"line":61,"column":46},"end":{"line":75,"column":null}},"line":61},"5":{"name":"extractErrorMessage","decl":{"start":{"line":81,"column":16},"end":{"line":81,"column":36}},"loc":{"start":{"line":81,"column":60},"end":{"line":90,"column":null}},"line":81},"6":{"name":"toApiError","decl":{"start":{"line":95,"column":16},"end":{"line":95,"column":27}},"loc":{"start":{"line":95,"column":53},"end":{"line":108,"column":null}},"line":95}},"branchMap":{"0":{"loc":{"start":{"line":44,"column":6},"end":{"line":49,"column":null}},"type":"if","locations":[{"start":{"line":44,"column":6},"end":{"line":49,"column":null}},{"start":{},"end":{}}],"line":44},"1":{"loc":{"start":{"line":46,"column":8},"end":{"line":48,"column":null}},"type":"if","locations":[{"start":{"line":46,"column":8},"end":{"line":48,"column":null}},{"start":{},"end":{}}],"line":46},"2":{"loc":{"start":{"line":46,"column":12},"end":{"line":46,"column":65}},"type":"binary-expr","locations":[{"start":{"line":46,"column":12},"end":{"line":46,"column":31}},{"start":{"line":46,"column":31},"end":{"line":46,"column":65}}],"line":46},"3":{"loc":{"start":{"line":62,"column":4},"end":{"line":73,"column":null}},"type":"if","locations":[{"start":{"line":62,"column":4},"end":{"line":73,"column":null}},{"start":{},"end":{}}],"line":62},"4":{"loc":{"start":{"line":63,"column":18},"end":{"line":63,"column":null}},"type":"binary-expr","locations":[{"start":{"line":63,"column":18},"end":{"line":63,"column":39}},{"start":{"line":63,"column":39},"end":{"line":63,"column":null}}],"line":63},"5":{"loc":{"start":{"line":65,"column":8},"end":{"line":67,"column":null}},"type":"binary-expr","locations":[{"start":{"line":65,"column":8},"end":{"line":65,"column":null}},{"start":{"line":66,"column":8},"end":{"line":66,"column":null}},{"start":{"line":67,"column":8},"end":{"line":67,"column":null}}],"line":65},"6":{"loc":{"start":{"line":69,"column":6},"end":{"line":72,"column":null}},"type":"if","locations":[{"start":{"line":69,"column":6},"end":{"line":72,"column":null}},{"start":{},"end":{}}],"line":69},"7":{"loc":{"start":{"line":69,"column":10},"end":{"line":69,"column":45}},"type":"binary-expr","locations":[{"start":{"line":69,"column":10},"end":{"line":69,"column":29}},{"start":{"line":69,"column":29},"end":{"line":69,"column":45}}],"line":69},"8":{"loc":{"start":{"line":82,"column":2},"end":{"line":85,"column":null}},"type":"if","locations":[{"start":{"line":82,"column":2},"end":{"line":85,"column":null}},{"start":{},"end":{}}],"line":82},"9":{"loc":{"start":{"line":84,"column":11},"end":{"line":84,"column":null}},"type":"binary-expr","locations":[{"start":{"line":84,"column":11},"end":{"line":84,"column":48}},{"start":{"line":84,"column":48},"end":{"line":84,"column":70}},{"start":{"line":84,"column":70},"end":{"line":84,"column":null}}],"line":84},"10":{"loc":{"start":{"line":86,"column":2},"end":{"line":88,"column":null}},"type":"if","locations":[{"start":{"line":86,"column":2},"end":{"line":88,"column":null}},{"start":{},"end":{}}],"line":86},"11":{"loc":{"start":{"line":96,"column":2},"end":{"line":103,"column":null}},"type":"if","locations":[{"start":{"line":96,"column":2},"end":{"line":103,"column":null}},{"start":{},"end":{}}],"line":96},"12":{"loc":{"start":{"line":99,"column":14},"end":{"line":99,"column":null}},"type":"binary-expr","locations":[{"start":{"line":99,"column":14},"end":{"line":99,"column":45}},{"start":{"line":99,"column":45},"end":{"line":99,"column":null}}],"line":99},"13":{"loc":{"start":{"line":106,"column":13},"end":{"line":106,"column":null}},"type":"cond-expr","locations":[{"start":{"line":106,"column":38},"end":{"line":106,"column":54}},{"start":{"line":106,"column":54},"end":{"line":106,"column":null}}],"line":106}},"s":{"0":1,"1":1,"2":1,"3":0,"4":1,"5":1,"6":0,"7":0,"8":0,"9":0,"10":0,"11":0,"12":0,"13":0,"14":1,"15":0,"16":0,"17":0,"18":0,"19":0,"20":0,"21":0,"22":0,"23":8,"24":4,"25":4,"26":4,"27":1,"28":3,"29":4,"30":2,"31":2,"32":2},"f":{"0":0,"1":0,"2":0,"3":0,"4":0,"5":8,"6":4},"b":{"0":[0,0],"1":[0,0],"2":[0,0],"3":[0,0],"4":[0,0],"5":[0,0,0],"6":[0,0],"7":[0,0],"8":[4,4],"9":[4,2,0],"10":[1,3],"11":[2,2],"12":[2,1],"13":[1,1]},"meta":{"lastBranch":14,"lastFunction":7,"lastStatement":33,"seen":{"s:14:25:14:Infinity":0,"s:15:24:15:Infinity":1,"s:24:42:24:Infinity":2,"f:26:16:26:34":0,"s:27:2:27:Infinity":3,"s:31:30:37:Infinity":4,"s:40:0:56:Infinity":5,"f:41:2:41:3":1,"s:42:4:52:Infinity":6,"s:43:21:43:Infinity":7,"b:44:6:49:Infinity:undefined:undefined:undefined:undefined":0,"s:44:6:49:Infinity":8,"s:45:26:45:Infinity":9,"b:46:8:48:Infinity:undefined:undefined:undefined:undefined":1,"s:46:8:48:Infinity":10,"b:46:12:46:31:46:31:46:65":2,"s:47:10:47:Infinity":11,"s:53:4:53:Infinity":12,"f:55:2:55:3":2,"s:55:13:55:Infinity":13,"s:59:0:76:Infinity":14,"f:60:2:60:3":3,"s:60:16:60:Infinity":15,"f:61:2:61:3":4,"b:62:4:73:Infinity:undefined:undefined:undefined:undefined":3,"s:62:4:73:Infinity":16,"s:63:18:63:Infinity":17,"b:63:18:63:39:63:39:63:Infinity":4,"s:65:8:67:Infinity":18,"b:65:8:65:Infinity:66:8:66:Infinity:67:8:67:Infinity":5,"b:69:6:72:Infinity:undefined:undefined:undefined:undefined":6,"s:69:6:72:Infinity":19,"b:69:10:69:29:69:29:69:45":7,"s:70:8:70:Infinity":20,"s:71:8:71:Infinity":21,"s:74:4:74:Infinity":22,"f:81:16:81:36":5,"b:82:2:85:Infinity:undefined:undefined:undefined:undefined":8,"s:82:2:85:Infinity":23,"s:83:23:83:Infinity":24,"s:84:4:84:Infinity":25,"b:84:11:84:48:84:48:84:70:84:70:84:Infinity":9,"b:86:2:88:Infinity:undefined:undefined:undefined:undefined":10,"s:86:2:88:Infinity":26,"s:87:4:87:Infinity":27,"s:89:2:89:Infinity":28,"f:95:16:95:27":6,"b:96:2:103:Infinity:undefined:undefined:undefined:undefined":11,"s:96:2:103:Infinity":29,"s:97:23:97:Infinity":30,"s:98:4:102:Infinity":31,"b:99:14:99:45:99:45:99:Infinity":12,"s:104:2:107:Infinity":32,"b:106:38:106:54:106:54:106:Infinity":13}}}
,"/Users/devartech/Documents/github/meridian/cartographer/frontend/src/composables/useMapLayout.ts": {"path":"/Users/devartech/Documents/github/meridian/cartographer/frontend/src/composables/useMapLayout.ts","statementMap":{"0":{"start":{"line":15,"column":57},"end":{"line":15,"column":null}},"1":{"start":{"line":19,"column":4},"end":{"line":19,"column":null}},"2":{"start":{"line":19,"column":16},"end":{"line":19,"column":null}},"3":{"start":{"line":20,"column":17},"end":{"line":28,"column":null}},"4":{"start":{"line":21,"column":18},"end":{"line":21,"column":null}},"5":{"start":{"line":22,"column":6},"end":{"line":26,"column":null}},"6":{"start":{"line":23,"column":8},"end":{"line":23,"column":null}},"7":{"start":{"line":24,"column":8},"end":{"line":24,"column":null}},"8":{"start":{"line":25,"column":8},"end":{"line":25,"column":null}},"9":{"start":{"line":27,"column":6},"end":{"line":27,"column":null}},"10":{"start":{"line":27,"column":40},"end":{"line":27,"column":null}},"11":{"start":{"line":29,"column":4},"end":{"line":29,"column":null}},"12":{"start":{"line":33,"column":4},"end":{"line":33,"column":null}},"13":{"start":{"line":38,"column":58},"end":{"line":38,"column":null}},"14":{"start":{"line":39,"column":17},"end":{"line":47,"column":null}},"15":{"start":{"line":41,"column":8},"end":{"line":44,"column":null}},"16":{"start":{"line":45,"column":6},"end":{"line":45,"column":null}},"17":{"start":{"line":45,"column":13},"end":{"line":45,"column":null}},"18":{"start":{"line":46,"column":6},"end":{"line":46,"column":null}},"19":{"start":{"line":46,"column":40},"end":{"line":46,"column":null}},"20":{"start":{"line":48,"column":4},"end":{"line":48,"column":null}},"21":{"start":{"line":49,"column":4},"end":{"line":54,"column":null}},"22":{"start":{"line":58,"column":19},"end":{"line":58,"column":null}},"23":{"start":{"line":59,"column":4},"end":{"line":59,"column":null}},"24":{"start":{"line":63,"column":4},"end":{"line":63,"column":null}},"25":{"start":{"line":72,"column":4},"end":{"line":72,"column":null}},"26":{"start":{"line":75,"column":21},"end":{"line":75,"column":null}},"27":{"start":{"line":76,"column":25},"end":{"line":83,"column":null}},"28":{"start":{"line":77,"column":6},"end":{"line":77,"column":null}},"29":{"start":{"line":78,"column":6},"end":{"line":82,"column":null}},"30":{"start":{"line":79,"column":8},"end":{"line":81,"column":null}},"31":{"start":{"line":80,"column":10},"end":{"line":80,"column":null}},"32":{"start":{"line":84,"column":4},"end":{"line":84,"column":null}},"33":{"start":{"line":87,"column":21},"end":{"line":103,"column":null}},"34":{"start":{"line":88,"column":6},"end":{"line":88,"column":null}},"35":{"start":{"line":88,"column":30},"end":{"line":88,"column":null}},"36":{"start":{"line":89,"column":6},"end":{"line":89,"column":null}},"37":{"start":{"line":89,"column":31},"end":{"line":89,"column":null}},"38":{"start":{"line":90,"column":6},"end":{"line":90,"column":null}},"39":{"start":{"line":92,"column":19},"end":{"line":92,"column":null}},"40":{"start":{"line":93,"column":6},"end":{"line":93,"column":null}},"41":{"start":{"line":93,"column":17},"end":{"line":93,"column":null}},"42":{"start":{"line":95,"column":24},"end":{"line":95,"column":null}},"43":{"start":{"line":96,"column":6},"end":{"line":99,"column":null}},"44":{"start":{"line":98,"column":8},"end":{"line":98,"column":null}},"45":{"start":{"line":102,"column":6},"end":{"line":102,"column":null}},"46":{"start":{"line":106,"column":25},"end":{"line":106,"column":null}},"47":{"start":{"line":107,"column":4},"end":{"line":114,"column":null}},"48":{"start":{"line":108,"column":6},"end":{"line":108,"column":null}},"49":{"start":{"line":108,"column":26},"end":{"line":108,"column":null}},"50":{"start":{"line":109,"column":20},"end":{"line":109,"column":null}},"51":{"start":{"line":110,"column":6},"end":{"line":112,"column":null}},"52":{"start":{"line":111,"column":8},"end":{"line":111,"column":null}},"53":{"start":{"line":113,"column":6},"end":{"line":113,"column":null}},"54":{"start":{"line":117,"column":26},"end":{"line":117,"column":null}},"55":{"start":{"line":118,"column":4},"end":{"line":118,"column":null}},"56":{"start":{"line":121,"column":28},"end":{"line":121,"column":null}},"57":{"start":{"line":122,"column":4},"end":{"line":146,"column":null}},"58":{"start":{"line":122,"column":21},"end":{"line":122,"column":24}},"59":{"start":{"line":123,"column":27},"end":{"line":123,"column":null}},"60":{"start":{"line":124,"column":6},"end":{"line":124,"column":null}},"61":{"start":{"line":124,"column":37},"end":{"line":124,"column":null}},"62":{"start":{"line":127,"column":6},"end":{"line":140,"column":null}},"63":{"start":{"line":128,"column":27},"end":{"line":128,"column":null}},"64":{"start":{"line":129,"column":27},"end":{"line":129,"column":null}},"65":{"start":{"line":130,"column":29},"end":{"line":130,"column":null}},"66":{"start":{"line":131,"column":29},"end":{"line":131,"column":null}},"67":{"start":{"line":134,"column":8},"end":{"line":136,"column":null}},"68":{"start":{"line":135,"column":10},"end":{"line":135,"column":null}},"69":{"start":{"line":139,"column":8},"end":{"line":139,"column":null}},"70":{"start":{"line":143,"column":6},"end":{"line":145,"column":null}},"71":{"start":{"line":144,"column":8},"end":{"line":144,"column":null}},"72":{"start":{"line":149,"column":24},"end":{"line":149,"column":null}},"73":{"start":{"line":150,"column":21},"end":{"line":150,"column":null}},"74":{"start":{"line":151,"column":20},"end":{"line":151,"column":null}},"75":{"start":{"line":152,"column":25},"end":{"line":152,"column":null}},"76":{"start":{"line":155,"column":31},"end":{"line":161,"column":null}},"77":{"start":{"line":156,"column":6},"end":{"line":156,"column":null}},"78":{"start":{"line":157,"column":6},"end":{"line":157,"column":null}},"79":{"start":{"line":158,"column":6},"end":{"line":160,"column":null}},"80":{"start":{"line":159,"column":8},"end":{"line":159,"column":null}},"81":{"start":{"line":162,"column":4},"end":{"line":162,"column":null}},"82":{"start":{"line":165,"column":5},"end":{"line":165,"column":null}},"83":{"start":{"line":166,"column":5},"end":{"line":166,"column":null}},"84":{"start":{"line":169,"column":21},"end":{"line":169,"column":null}},"85":{"start":{"line":170,"column":4},"end":{"line":182,"column":null}},"86":{"start":{"line":170,"column":21},"end":{"line":170,"column":24}},"87":{"start":{"line":171,"column":27},"end":{"line":171,"column":null}},"88":{"start":{"line":172,"column":6},"end":{"line":172,"column":null}},"89":{"start":{"line":172,"column":37},"end":{"line":172,"column":null}},"90":{"start":{"line":174,"column":22},"end":{"line":174,"column":null}},"91":{"start":{"line":175,"column":26},"end":{"line":175,"column":null}},"92":{"start":{"line":176,"column":12},"end":{"line":176,"column":null}},"93":{"start":{"line":178,"column":6},"end":{"line":181,"column":null}},"94":{"start":{"line":179,"column":9},"end":{"line":179,"column":null}},"95":{"start":{"line":180,"column":9},"end":{"line":180,"column":null}},"96":{"start":{"line":185,"column":2},"end":{"line":193,"column":null}}},"fnMap":{"0":{"name":"useMapLayout","decl":{"start":{"line":17,"column":16},"end":{"line":17,"column":31}},"loc":{"start":{"line":17,"column":31},"end":{"line":194,"column":null}},"line":17},"1":{"name":"applySavedPositions","decl":{"start":{"line":18,"column":11},"end":{"line":18,"column":31}},"loc":{"start":{"line":18,"column":68},"end":{"line":30,"column":null}},"line":18},"2":{"name":"(anonymous_2)","decl":{"start":{"line":20,"column":17},"end":{"line":20,"column":18}},"loc":{"start":{"line":20,"column":34},"end":{"line":28,"column":null}},"line":20},"3":{"name":"updatePosition","decl":{"start":{"line":32,"column":11},"end":{"line":32,"column":26}},"loc":{"start":{"line":32,"column":60},"end":{"line":34,"column":null}},"line":32},"4":{"name":"exportLayout","decl":{"start":{"line":36,"column":11},"end":{"line":36,"column":24}},"loc":{"start":{"line":36,"column":53},"end":{"line":55,"column":null}},"line":36},"5":{"name":"(anonymous_5)","decl":{"start":{"line":39,"column":17},"end":{"line":39,"column":18}},"loc":{"start":{"line":39,"column":34},"end":{"line":47,"column":null}},"line":39},"6":{"name":"importLayout","decl":{"start":{"line":57,"column":11},"end":{"line":57,"column":24}},"loc":{"start":{"line":57,"column":55},"end":{"line":60,"column":null}},"line":57},"7":{"name":"clearPositions","decl":{"start":{"line":62,"column":11},"end":{"line":62,"column":28}},"loc":{"start":{"line":62,"column":28},"end":{"line":64,"column":null}},"line":62},"8":{"name":"cleanUpLayout","decl":{"start":{"line":70,"column":11},"end":{"line":70,"column":25}},"loc":{"start":{"line":70,"column":47},"end":{"line":183,"column":null}},"line":70},"9":{"name":"(anonymous_9)","decl":{"start":{"line":76,"column":25},"end":{"line":76,"column":26}},"loc":{"start":{"line":76,"column":42},"end":{"line":83,"column":null}},"line":76},"10":{"name":"(anonymous_10)","decl":{"start":{"line":87,"column":21},"end":{"line":87,"column":22}},"loc":{"start":{"line":87,"column":78},"end":{"line":103,"column":null}},"line":87},"11":{"name":"(anonymous_11)","decl":{"start":{"line":107,"column":21},"end":{"line":107,"column":22}},"loc":{"start":{"line":107,"column":35},"end":{"line":114,"column":5}},"line":107},"12":{"name":"(anonymous_12)","decl":{"start":{"line":127,"column":24},"end":{"line":127,"column":25}},"loc":{"start":{"line":127,"column":34},"end":{"line":140,"column":7}},"line":127},"13":{"name":"(anonymous_13)","decl":{"start":{"line":143,"column":27},"end":{"line":143,"column":28}},"loc":{"start":{"line":143,"column":44},"end":{"line":145,"column":7}},"line":143},"14":{"name":"(anonymous_14)","decl":{"start":{"line":155,"column":31},"end":{"line":155,"column":32}},"loc":{"start":{"line":155,"column":48},"end":{"line":161,"column":null}},"line":155},"15":{"name":"(anonymous_15)","decl":{"start":{"line":178,"column":27},"end":{"line":178,"column":28}},"loc":{"start":{"line":178,"column":42},"end":{"line":181,"column":7}},"line":178}},"branchMap":{"0":{"loc":{"start":{"line":19,"column":4},"end":{"line":19,"column":null}},"type":"if","locations":[{"start":{"line":19,"column":4},"end":{"line":19,"column":null}},{"start":{},"end":{}}],"line":19},"1":{"loc":{"start":{"line":22,"column":6},"end":{"line":26,"column":null}},"type":"if","locations":[{"start":{"line":22,"column":6},"end":{"line":26,"column":null}},{"start":{},"end":{}}],"line":22},"2":{"loc":{"start":{"line":27,"column":22},"end":{"line":27,"column":40}},"type":"binary-expr","locations":[{"start":{"line":27,"column":22},"end":{"line":27,"column":36}},{"start":{"line":27,"column":36},"end":{"line":27,"column":40}}],"line":27},"3":{"loc":{"start":{"line":41,"column":8},"end":{"line":44,"column":null}},"type":"binary-expr","locations":[{"start":{"line":41,"column":8},"end":{"line":41,"column":null}},{"start":{"line":42,"column":9},"end":{"line":44,"column":null}}],"line":41},"4":{"loc":{"start":{"line":42,"column":9},"end":{"line":44,"column":null}},"type":"cond-expr","locations":[{"start":{"line":43,"column":12},"end":{"line":43,"column":null}},{"start":{"line":44,"column":12},"end":{"line":44,"column":null}}],"line":42},"5":{"loc":{"start":{"line":42,"column":9},"end":{"line":42,"column":null}},"type":"binary-expr","locations":[{"start":{"line":42,"column":9},"end":{"line":42,"column":37}},{"start":{"line":42,"column":37},"end":{"line":42,"column":null}}],"line":42},"6":{"loc":{"start":{"line":45,"column":6},"end":{"line":45,"column":null}},"type":"if","locations":[{"start":{"line":45,"column":6},"end":{"line":45,"column":null}},{"start":{},"end":{}}],"line":45},"7":{"loc":{"start":{"line":46,"column":22},"end":{"line":46,"column":40}},"type":"binary-expr","locations":[{"start":{"line":46,"column":22},"end":{"line":46,"column":36}},{"start":{"line":46,"column":36},"end":{"line":46,"column":40}}],"line":46},"8":{"loc":{"start":{"line":78,"column":22},"end":{"line":78,"column":40}},"type":"binary-expr","locations":[{"start":{"line":78,"column":22},"end":{"line":78,"column":36}},{"start":{"line":78,"column":36},"end":{"line":78,"column":40}}],"line":78},"9":{"loc":{"start":{"line":79,"column":24},"end":{"line":79,"column":42}},"type":"binary-expr","locations":[{"start":{"line":79,"column":24},"end":{"line":79,"column":38}},{"start":{"line":79,"column":38},"end":{"line":79,"column":42}}],"line":79},"10":{"loc":{"start":{"line":87,"column":38},"end":{"line":87,"column":78}},"type":"default-arg","locations":[{"start":{"line":87,"column":48},"end":{"line":87,"column":78}}],"line":87},"11":{"loc":{"start":{"line":88,"column":6},"end":{"line":88,"column":null}},"type":"if","locations":[{"start":{"line":88,"column":6},"end":{"line":88,"column":null}},{"start":{},"end":{}}],"line":88},"12":{"loc":{"start":{"line":89,"column":6},"end":{"line":89,"column":null}},"type":"if","locations":[{"start":{"line":89,"column":6},"end":{"line":89,"column":null}},{"start":{},"end":{}}],"line":89},"13":{"loc":{"start":{"line":93,"column":6},"end":{"line":93,"column":null}},"type":"if","locations":[{"start":{"line":93,"column":6},"end":{"line":93,"column":null}},{"start":{},"end":{}}],"line":93},"14":{"loc":{"start":{"line":96,"column":6},"end":{"line":99,"column":null}},"type":"if","locations":[{"start":{"line":96,"column":6},"end":{"line":99,"column":null}},{"start":{},"end":{}}],"line":96},"15":{"loc":{"start":{"line":96,"column":10},"end":{"line":96,"column":45}},"type":"binary-expr","locations":[{"start":{"line":96,"column":10},"end":{"line":96,"column":23}},{"start":{"line":96,"column":23},"end":{"line":96,"column":45}}],"line":96},"16":{"loc":{"start":{"line":108,"column":6},"end":{"line":108,"column":null}},"type":"if","locations":[{"start":{"line":108,"column":6},"end":{"line":108,"column":null}},{"start":{},"end":{}}],"line":108},"17":{"loc":{"start":{"line":110,"column":6},"end":{"line":112,"column":null}},"type":"if","locations":[{"start":{"line":110,"column":6},"end":{"line":112,"column":null}},{"start":{},"end":{}}],"line":110},"18":{"loc":{"start":{"line":123,"column":27},"end":{"line":123,"column":null}},"type":"binary-expr","locations":[{"start":{"line":123,"column":27},"end":{"line":123,"column":54}},{"start":{"line":123,"column":54},"end":{"line":123,"column":null}}],"line":123},"19":{"loc":{"start":{"line":124,"column":6},"end":{"line":124,"column":null}},"type":"if","locations":[{"start":{"line":124,"column":6},"end":{"line":124,"column":null}},{"start":{},"end":{}}],"line":124},"20":{"loc":{"start":{"line":128,"column":27},"end":{"line":128,"column":null}},"type":"binary-expr","locations":[{"start":{"line":128,"column":27},"end":{"line":128,"column":49}},{"start":{"line":128,"column":49},"end":{"line":128,"column":null}}],"line":128},"21":{"loc":{"start":{"line":129,"column":27},"end":{"line":129,"column":null}},"type":"binary-expr","locations":[{"start":{"line":129,"column":27},"end":{"line":129,"column":49}},{"start":{"line":129,"column":49},"end":{"line":129,"column":null}}],"line":129},"22":{"loc":{"start":{"line":130,"column":29},"end":{"line":130,"column":null}},"type":"binary-expr","locations":[{"start":{"line":130,"column":29},"end":{"line":130,"column":61}},{"start":{"line":130,"column":61},"end":{"line":130,"column":null}}],"line":130},"23":{"loc":{"start":{"line":131,"column":29},"end":{"line":131,"column":null}},"type":"binary-expr","locations":[{"start":{"line":131,"column":29},"end":{"line":131,"column":61}},{"start":{"line":131,"column":61},"end":{"line":131,"column":null}}],"line":131},"24":{"loc":{"start":{"line":134,"column":8},"end":{"line":136,"column":null}},"type":"if","locations":[{"start":{"line":134,"column":8},"end":{"line":136,"column":null}},{"start":{},"end":{}}],"line":134},"25":{"loc":{"start":{"line":158,"column":22},"end":{"line":158,"column":40}},"type":"binary-expr","locations":[{"start":{"line":158,"column":22},"end":{"line":158,"column":36}},{"start":{"line":158,"column":36},"end":{"line":158,"column":40}}],"line":158},"26":{"loc":{"start":{"line":171,"column":27},"end":{"line":171,"column":null}},"type":"binary-expr","locations":[{"start":{"line":171,"column":27},"end":{"line":171,"column":54}},{"start":{"line":171,"column":54},"end":{"line":171,"column":null}}],"line":171},"27":{"loc":{"start":{"line":172,"column":6},"end":{"line":172,"column":null}},"type":"if","locations":[{"start":{"line":172,"column":6},"end":{"line":172,"column":null}},{"start":{},"end":{}}],"line":172}},"s":{"0":1,"1":3,"2":1,"3":2,"4":5,"5":5,"6":2,"7":2,"8":2,"9":5,"10":3,"11":2,"12":6,"13":4,"14":4,"15":9,"16":9,"17":6,"18":9,"19":5,"20":4,"21":4,"22":0,"23":0,"24":11,"25":0,"26":0,"27":0,"28":0,"29":0,"30":0,"31":0,"32":0,"33":0,"34":0,"35":0,"36":0,"37":0,"38":0,"39":0,"40":0,"41":0,"42":0,"43":0,"44":0,"45":0,"46":0,"47":0,"48":0,"49":0,"50":0,"51":0,"52":0,"53":0,"54":0,"55":0,"56":0,"57":0,"58":0,"59":0,"60":0,"61":0,"62":0,"63":0,"64":0,"65":0,"66":0,"67":0,"68":0,"69":0,"70":0,"71":0,"72":0,"73":0,"74":0,"75":0,"76":0,"77":0,"78":0,"79":0,"80":0,"81":0,"82":0,"83":0,"84":0,"85":0,"86":0,"87":0,"88":0,"89":0,"90":0,"91":0,"92":0,"93":0,"94":0,"95":0,"96":10},"f":{"0":10,"1":3,"2":5,"3":6,"4":4,"5":9,"6":0,"7":11,"8":0,"9":0,"10":0,"11":0,"12":0,"13":0,"14":0,"15":0},"b":{"0":[1,2],"1":[2,3],"2":[5,3],"3":[9,8],"4":[5,3],"5":[8,5],"6":[6,3],"7":[9,6],"8":[0,0],"9":[0,0],"10":[0],"11":[0,0],"12":[0,0],"13":[0,0],"14":[0,0],"15":[0,0],"16":[0,0],"17":[0,0],"18":[0,0],"19":[0,0],"20":[0,0],"21":[0,0],"22":[0,0],"23":[0,0],"24":[0,0],"25":[0,0],"26":[0,0],"27":[0,0]},"meta":{"lastBranch":28,"lastFunction":16,"lastStatement":97,"seen":{"s:15:57:15:Infinity":0,"f:17:16:17:31":0,"f:18:11:18:31":1,"b:19:4:19:Infinity:undefined:undefined:undefined:undefined":0,"s:19:4:19:Infinity":1,"s:19:16:19:Infinity":2,"s:20:17:28:Infinity":3,"f:20:17:20:18":2,"s:21:18:21:Infinity":4,"b:22:6:26:Infinity:undefined:undefined:undefined:undefined":1,"s:22:6:26:Infinity":5,"s:23:8:23:Infinity":6,"s:24:8:24:Infinity":7,"s:25:8:25:Infinity":8,"s:27:6:27:Infinity":9,"b:27:22:27:36:27:36:27:40":2,"s:27:40:27:Infinity":10,"s:29:4:29:Infinity":11,"f:32:11:32:26":3,"s:33:4:33:Infinity":12,"f:36:11:36:24":4,"s:38:58:38:Infinity":13,"s:39:17:47:Infinity":14,"f:39:17:39:18":5,"s:41:8:44:Infinity":15,"b:41:8:41:Infinity:42:9:44:Infinity":3,"b:43:12:43:Infinity:44:12:44:Infinity":4,"b:42:9:42:37:42:37:42:Infinity":5,"b:45:6:45:Infinity:undefined:undefined:undefined:undefined":6,"s:45:6:45:Infinity":16,"s:45:13:45:Infinity":17,"s:46:6:46:Infinity":18,"b:46:22:46:36:46:36:46:40":7,"s:46:40:46:Infinity":19,"s:48:4:48:Infinity":20,"s:49:4:54:Infinity":21,"f:57:11:57:24":6,"s:58:19:58:Infinity":22,"s:59:4:59:Infinity":23,"f:62:11:62:28":7,"s:63:4:63:Infinity":24,"f:70:11:70:25":8,"s:72:4:72:Infinity":25,"s:75:21:75:Infinity":26,"s:76:25:83:Infinity":27,"f:76:25:76:26":9,"s:77:6:77:Infinity":28,"s:78:6:82:Infinity":29,"b:78:22:78:36:78:36:78:40":8,"s:79:8:81:Infinity":30,"b:79:24:79:38:79:38:79:42":9,"s:80:10:80:Infinity":31,"s:84:4:84:Infinity":32,"s:87:21:103:Infinity":33,"f:87:21:87:22":10,"b:87:48:87:78":10,"b:88:6:88:Infinity:undefined:undefined:undefined:undefined":11,"s:88:6:88:Infinity":34,"s:88:30:88:Infinity":35,"b:89:6:89:Infinity:undefined:undefined:undefined:undefined":12,"s:89:6:89:Infinity":36,"s:89:31:89:Infinity":37,"s:90:6:90:Infinity":38,"s:92:19:92:Infinity":39,"b:93:6:93:Infinity:undefined:undefined:undefined:undefined":13,"s:93:6:93:Infinity":40,"s:93:17:93:Infinity":41,"s:95:24:95:Infinity":42,"b:96:6:99:Infinity:undefined:undefined:undefined:undefined":14,"s:96:6:99:Infinity":43,"b:96:10:96:23:96:23:96:45":15,"s:98:8:98:Infinity":44,"s:102:6:102:Infinity":45,"s:106:25:106:Infinity":46,"s:107:4:114:Infinity":47,"f:107:21:107:22":11,"b:108:6:108:Infinity:undefined:undefined:undefined:undefined":16,"s:108:6:108:Infinity":48,"s:108:26:108:Infinity":49,"s:109:20:109:Infinity":50,"b:110:6:112:Infinity:undefined:undefined:undefined:undefined":17,"s:110:6:112:Infinity":51,"s:111:8:111:Infinity":52,"s:113:6:113:Infinity":53,"s:117:26:117:Infinity":54,"s:118:4:118:Infinity":55,"s:121:28:121:Infinity":56,"s:122:4:146:Infinity":57,"s:122:21:122:24":58,"s:123:27:123:Infinity":59,"b:123:27:123:54:123:54:123:Infinity":18,"b:124:6:124:Infinity:undefined:undefined:undefined:undefined":19,"s:124:6:124:Infinity":60,"s:124:37:124:Infinity":61,"s:127:6:140:Infinity":62,"f:127:24:127:25":12,"s:128:27:128:Infinity":63,"b:128:27:128:49:128:49:128:Infinity":20,"s:129:27:129:Infinity":64,"b:129:27:129:49:129:49:129:Infinity":21,"s:130:29:130:Infinity":65,"b:130:29:130:61:130:61:130:Infinity":22,"s:131:29:131:Infinity":66,"b:131:29:131:61:131:61:131:Infinity":23,"b:134:8:136:Infinity:undefined:undefined:undefined:undefined":24,"s:134:8:136:Infinity":67,"s:135:10:135:Infinity":68,"s:139:8:139:Infinity":69,"s:143:6:145:Infinity":70,"f:143:27:143:28":13,"s:144:8:144:Infinity":71,"s:149:24:149:Infinity":72,"s:150:21:150:Infinity":73,"s:151:20:151:Infinity":74,"s:152:25:152:Infinity":75,"s:155:31:161:Infinity":76,"f:155:31:155:32":14,"s:156:6:156:Infinity":77,"s:157:6:157:Infinity":78,"s:158:6:160:Infinity":79,"b:158:22:158:36:158:36:158:40":25,"s:159:8:159:Infinity":80,"s:162:4:162:Infinity":81,"s:165:5:165:Infinity":82,"s:166:5:166:Infinity":83,"s:169:21:169:Infinity":84,"s:170:4:182:Infinity":85,"s:170:21:170:24":86,"s:171:27:171:Infinity":87,"b:171:27:171:54:171:54:171:Infinity":26,"b:172:6:172:Infinity:undefined:undefined:undefined:undefined":27,"s:172:6:172:Infinity":88,"s:172:37:172:Infinity":89,"s:174:22:174:Infinity":90,"s:175:26:175:Infinity":91,"s:176:12:176:Infinity":92,"s:178:6:181:Infinity":93,"f:178:27:178:28":15,"s:179:9:179:Infinity":94,"s:180:9:180:Infinity":95,"s:185:2:193:Infinity":96}}}
,"/Users/devartech/Documents/github/meridian/cartographer/frontend/src/composables/useNetworkData.ts": {"path":"/Users/devartech/Documents/github/meridian/cartographer/frontend/src/composables/useNetworkData.ts","statementMap":{"0":{"start":{"line":20,"column":17},"end":{"line":20,"column":null}},"1":{"start":{"line":21,"column":16},"end":{"line":21,"column":null}},"2":{"start":{"line":22,"column":17},"end":{"line":22,"column":null}},"3":{"start":{"line":23,"column":2},"end":{"line":23,"column":null}},"4":{"start":{"line":23,"column":15},"end":{"line":23,"column":null}},"5":{"start":{"line":24,"column":2},"end":{"line":29,"column":null}},"6":{"start":{"line":33,"column":33},"end":{"line":33,"column":null}},"7":{"start":{"line":34,"column":16},"end":{"line":34,"column":null}},"8":{"start":{"line":35,"column":2},"end":{"line":51,"column":null}},"9":{"start":{"line":38,"column":6},"end":{"line":38,"column":null}},"10":{"start":{"line":39,"column":4},"end":{"line":50,"column":null}},"11":{"start":{"line":40,"column":17},"end":{"line":40,"column":null}},"12":{"start":{"line":41,"column":26},"end":{"line":41,"column":null}},"13":{"start":{"line":42,"column":19},"end":{"line":42,"column":null}},"14":{"start":{"line":43,"column":20},"end":{"line":43,"column":null}},"15":{"start":{"line":44,"column":6},"end":{"line":49,"column":null}},"16":{"start":{"line":52,"column":2},"end":{"line":52,"column":null}},"17":{"start":{"line":58,"column":87},"end":{"line":58,"column":null}},"18":{"start":{"line":59,"column":34},"end":{"line":59,"column":null}},"19":{"start":{"line":61,"column":26},"end":{"line":71,"column":null}},"20":{"start":{"line":62,"column":14},"end":{"line":62,"column":null}},"21":{"start":{"line":63,"column":4},"end":{"line":63,"column":null}},"22":{"start":{"line":63,"column":31},"end":{"line":63,"column":null}},"23":{"start":{"line":64,"column":4},"end":{"line":64,"column":null}},"24":{"start":{"line":64,"column":30},"end":{"line":64,"column":null}},"25":{"start":{"line":65,"column":4},"end":{"line":65,"column":null}},"26":{"start":{"line":65,"column":32},"end":{"line":65,"column":null}},"27":{"start":{"line":66,"column":4},"end":{"line":66,"column":null}},"28":{"start":{"line":66,"column":30},"end":{"line":66,"column":null}},"29":{"start":{"line":67,"column":4},"end":{"line":67,"column":null}},"30":{"start":{"line":67,"column":31},"end":{"line":67,"column":null}},"31":{"start":{"line":68,"column":4},"end":{"line":68,"column":null}},"32":{"start":{"line":68,"column":27},"end":{"line":68,"column":null}},"33":{"start":{"line":69,"column":4},"end":{"line":69,"column":null}},"34":{"start":{"line":69,"column":30},"end":{"line":69,"column":null}},"35":{"start":{"line":70,"column":4},"end":{"line":70,"column":null}},"36":{"start":{"line":73,"column":2},"end":{"line":89,"column":null}},"37":{"start":{"line":74,"column":19},"end":{"line":74,"column":null}},"38":{"start":{"line":75,"column":4},"end":{"line":79,"column":null}},"39":{"start":{"line":76,"column":6},"end":{"line":76,"column":null}},"40":{"start":{"line":77,"column":6},"end":{"line":77,"column":null}},"41":{"start":{"line":78,"column":6},"end":{"line":78,"column":null}},"42":{"start":{"line":81,"column":17},"end":{"line":81,"column":null}},"43":{"start":{"line":82,"column":4},"end":{"line":88,"column":null}},"44":{"start":{"line":83,"column":6},"end":{"line":87,"column":null}},"45":{"start":{"line":90,"column":2},"end":{"line":90,"column":null}},"46":{"start":{"line":99,"column":8},"end":{"line":99,"column":null}},"47":{"start":{"line":100,"column":2},"end":{"line":110,"column":null}},"48":{"start":{"line":101,"column":2},"end":{"line":101,"column":null}},"49":{"start":{"line":102,"column":2},"end":{"line":102,"column":null}},"50":{"start":{"line":103,"column":2},"end":{"line":109,"column":null}},"51":{"start":{"line":111,"column":2},"end":{"line":111,"column":null}},"52":{"start":{"line":118,"column":8},"end":{"line":118,"column":null}},"53":{"start":{"line":119,"column":8},"end":{"line":119,"column":null}},"54":{"start":{"line":122,"column":2},"end":{"line":124,"column":null}},"55":{"start":{"line":123,"column":4},"end":{"line":123,"column":null}},"56":{"start":{"line":126,"column":2},"end":{"line":126,"column":null}},"57":{"start":{"line":127,"column":2},"end":{"line":127,"column":null}},"58":{"start":{"line":130,"column":2},"end":{"line":132,"column":null}},"59":{"start":{"line":131,"column":4},"end":{"line":131,"column":null}},"60":{"start":{"line":133,"column":2},"end":{"line":137,"column":null}},"61":{"start":{"line":138,"column":2},"end":{"line":140,"column":null}},"62":{"start":{"line":139,"column":4},"end":{"line":139,"column":null}},"63":{"start":{"line":147,"column":15},"end":{"line":152,"column":null}},"64":{"start":{"line":148,"column":4},"end":{"line":150,"column":null}},"65":{"start":{"line":149,"column":6},"end":{"line":149,"column":null}},"66":{"start":{"line":151,"column":4},"end":{"line":151,"column":null}},"67":{"start":{"line":151,"column":38},"end":{"line":151,"column":null}},"68":{"start":{"line":153,"column":2},"end":{"line":153,"column":null}},"69":{"start":{"line":162,"column":2},"end":{"line":162,"column":null}},"70":{"start":{"line":162,"column":11},"end":{"line":162,"column":null}},"71":{"start":{"line":163,"column":2},"end":{"line":163,"column":null}},"72":{"start":{"line":163,"column":22},"end":{"line":163,"column":null}},"73":{"start":{"line":164,"column":2},"end":{"line":167,"column":null}},"74":{"start":{"line":165,"column":14},"end":{"line":165,"column":null}},"75":{"start":{"line":166,"column":4},"end":{"line":166,"column":null}},"76":{"start":{"line":166,"column":11},"end":{"line":166,"column":null}},"77":{"start":{"line":168,"column":2},"end":{"line":168,"column":null}},"78":{"start":{"line":176,"column":26},"end":{"line":176,"column":null}},"79":{"start":{"line":177,"column":15},"end":{"line":177,"column":null}},"80":{"start":{"line":178,"column":15},"end":{"line":189,"column":null}},"81":{"start":{"line":181,"column":4},"end":{"line":187,"column":null}},"82":{"start":{"line":182,"column":18},"end":{"line":182,"column":null}},"83":{"start":{"line":183,"column":6},"end":{"line":186,"column":null}},"84":{"start":{"line":184,"column":8},"end":{"line":184,"column":null}},"85":{"start":{"line":185,"column":8},"end":{"line":185,"column":null}},"86":{"start":{"line":188,"column":4},"end":{"line":188,"column":null}},"87":{"start":{"line":188,"column":38},"end":{"line":188,"column":null}},"88":{"start":{"line":190,"column":2},"end":{"line":190,"column":null}},"89":{"start":{"line":191,"column":2},"end":{"line":191,"column":null}},"90":{"start":{"line":198,"column":2},"end":{"line":198,"column":null}},"91":{"start":{"line":199,"column":2},"end":{"line":203,"column":null}},"92":{"start":{"line":200,"column":4},"end":{"line":202,"column":null}},"93":{"start":{"line":201,"column":6},"end":{"line":201,"column":null}},"94":{"start":{"line":211,"column":2},"end":{"line":217,"column":null}},"95":{"start":{"line":212,"column":10},"end":{"line":212,"column":null}},"96":{"start":{"line":212,"column":52},"end":{"line":212,"column":63}},"97":{"start":{"line":213,"column":4},"end":{"line":216,"column":null}},"98":{"start":{"line":214,"column":21},"end":{"line":214,"column":null}},"99":{"start":{"line":215,"column":6},"end":{"line":215,"column":null}},"100":{"start":{"line":218,"column":2},"end":{"line":218,"column":null}},"101":{"start":{"line":225,"column":2},"end":{"line":227,"column":null}},"102":{"start":{"line":226,"column":11},"end":{"line":226,"column":null}},"103":{"start":{"line":236,"column":2},"end":{"line":249,"column":null}},"104":{"start":{"line":239,"column":6},"end":{"line":239,"column":null}},"105":{"start":{"line":243,"column":6},"end":{"line":243,"column":null}},"106":{"start":{"line":246,"column":6},"end":{"line":246,"column":null}},"107":{"start":{"line":248,"column":6},"end":{"line":248,"column":null}},"108":{"start":{"line":259,"column":18},"end":{"line":259,"column":null}},"109":{"start":{"line":260,"column":2},"end":{"line":263,"column":null}},"110":{"start":{"line":261,"column":19},"end":{"line":261,"column":23}},"111":{"start":{"line":262,"column":16},"end":{"line":262,"column":21}},"112":{"start":{"line":263,"column":34},"end":{"line":263,"column":38}},"113":{"start":{"line":270,"column":18},"end":{"line":270,"column":null}},"114":{"start":{"line":271,"column":2},"end":{"line":274,"column":null}},"115":{"start":{"line":272,"column":19},"end":{"line":272,"column":56}},"116":{"start":{"line":273,"column":16},"end":{"line":273,"column":21}},"117":{"start":{"line":274,"column":34},"end":{"line":274,"column":38}},"118":{"start":{"line":283,"column":8},"end":{"line":283,"column":null}},"119":{"start":{"line":284,"column":25},"end":{"line":301,"column":null}},"120":{"start":{"line":303,"column":2},"end":{"line":324,"column":null}},"121":{"start":{"line":304,"column":4},"end":{"line":304,"column":null}},"122":{"start":{"line":304,"column":23},"end":{"line":304,"column":null}},"123":{"start":{"line":305,"column":32},"end":{"line":310,"column":null}},"124":{"start":{"line":311,"column":4},"end":{"line":322,"column":null}},"125":{"start":{"line":312,"column":35},"end":{"line":319,"column":null}},"126":{"start":{"line":320,"column":6},"end":{"line":320,"column":null}},"127":{"start":{"line":321,"column":6},"end":{"line":321,"column":null}},"128":{"start":{"line":323,"column":4},"end":{"line":323,"column":null}},"129":{"start":{"line":325,"column":2},"end":{"line":325,"column":null}},"130":{"start":{"line":332,"column":27},"end":{"line":332,"column":null}},"131":{"start":{"line":333,"column":10},"end":{"line":340,"column":null}},"132":{"start":{"line":334,"column":20},"end":{"line":334,"column":null}},"133":{"start":{"line":335,"column":6},"end":{"line":335,"column":null}},"134":{"start":{"line":335,"column":24},"end":{"line":335,"column":null}},"135":{"start":{"line":336,"column":19},"end":{"line":336,"column":null}},"136":{"start":{"line":337,"column":21},"end":{"line":337,"column":null}},"137":{"start":{"line":338,"column":18},"end":{"line":338,"column":null}},"138":{"start":{"line":339,"column":6},"end":{"line":339,"column":null}},"139":{"start":{"line":341,"column":10},"end":{"line":345,"column":null}},"140":{"start":{"line":342,"column":20},"end":{"line":342,"column":null}},"141":{"start":{"line":343,"column":6},"end":{"line":343,"column":null}},"142":{"start":{"line":343,"column":24},"end":{"line":343,"column":null}},"143":{"start":{"line":344,"column":6},"end":{"line":344,"column":null}},"144":{"start":{"line":347,"column":20},"end":{"line":347,"column":null}},"145":{"start":{"line":348,"column":20},"end":{"line":348,"column":null}},"146":{"start":{"line":349,"column":19},"end":{"line":349,"column":null}},"147":{"start":{"line":350,"column":17},"end":{"line":350,"column":null}},"148":{"start":{"line":351,"column":4},"end":{"line":356,"column":null}},"149":{"start":{"line":359,"column":2},"end":{"line":379,"column":null}}},"fnMap":{"0":{"name":"parseGateway","decl":{"start":{"line":19,"column":9},"end":{"line":19,"column":22}},"loc":{"start":{"line":19,"column":64},"end":{"line":30,"column":null}},"line":19},"1":{"name":"parseDevices","decl":{"start":{"line":32,"column":9},"end":{"line":32,"column":22}},"loc":{"start":{"line":32,"column":54},"end":{"line":53,"column":null}},"line":32},"2":{"name":"parseHeuristicTree","decl":{"start":{"line":55,"column":9},"end":{"line":55,"column":null}},"loc":{"start":{"line":57,"column":72},"end":{"line":91,"column":null}},"line":57},"3":{"name":"(anonymous_3)","decl":{"start":{"line":61,"column":26},"end":{"line":61,"column":27}},"loc":{"start":{"line":61,"column":53},"end":{"line":71,"column":null}},"line":61},"4":{"name":"initializeNodeVersion","decl":{"start":{"line":98,"column":9},"end":{"line":98,"column":31}},"loc":{"start":{"line":98,"column":93},"end":{"line":112,"column":null}},"line":98},"5":{"name":"updateNodeVersion","decl":{"start":{"line":117,"column":9},"end":{"line":117,"column":27}},"loc":{"start":{"line":117,"column":68},"end":{"line":141,"column":null}},"line":117},"6":{"name":"ensureAllNodesVersioned","decl":{"start":{"line":146,"column":9},"end":{"line":146,"column":33}},"loc":{"start":{"line":146,"column":95},"end":{"line":154,"column":null}},"line":146},"7":{"name":"(anonymous_7)","decl":{"start":{"line":147,"column":15},"end":{"line":147,"column":16}},"loc":{"start":{"line":147,"column":32},"end":{"line":152,"column":null}},"line":147},"8":{"name":"findNodeById","decl":{"start":{"line":161,"column":9},"end":{"line":161,"column":22}},"loc":{"start":{"line":161,"column":73},"end":{"line":169,"column":null}},"line":161},"9":{"name":"flattenDevices","decl":{"start":{"line":175,"column":9},"end":{"line":175,"column":24}},"loc":{"start":{"line":175,"column":52},"end":{"line":192,"column":null}},"line":175},"10":{"name":"(anonymous_10)","decl":{"start":{"line":178,"column":15},"end":{"line":178,"column":16}},"loc":{"start":{"line":178,"column":32},"end":{"line":189,"column":null}},"line":178},"11":{"name":"walkAll","decl":{"start":{"line":197,"column":9},"end":{"line":197,"column":17}},"loc":{"start":{"line":197,"column":85},"end":{"line":204,"column":null}},"line":197},"12":{"name":"removeFromAllGroups","decl":{"start":{"line":210,"column":9},"end":{"line":210,"column":29}},"loc":{"start":{"line":210,"column":79},"end":{"line":219,"column":null}},"line":210},"13":{"name":"(anonymous_13)","decl":{"start":{"line":212,"column":45},"end":{"line":212,"column":46}},"loc":{"start":{"line":212,"column":52},"end":{"line":212,"column":63}},"line":212},"14":{"name":"findGroupByPrefix","decl":{"start":{"line":224,"column":9},"end":{"line":224,"column":27}},"loc":{"start":{"line":224,"column":81},"end":{"line":228,"column":null}},"line":224},"15":{"name":"(anonymous_15)","decl":{"start":{"line":226,"column":4},"end":{"line":226,"column":5}},"loc":{"start":{"line":226,"column":11},"end":{"line":226,"column":null}},"line":226},"16":{"name":"getTargetGroupForRole","decl":{"start":{"line":233,"column":9},"end":{"line":233,"column":null}},"loc":{"start":{"line":235,"column":48},"end":{"line":250,"column":null}},"line":235},"17":{"name":"getMonitoredDeviceIPs","decl":{"start":{"line":258,"column":9},"end":{"line":258,"column":31}},"loc":{"start":{"line":258,"column":57},"end":{"line":264,"column":null}},"line":258},"18":{"name":"(anonymous_18)","decl":{"start":{"line":261,"column":12},"end":{"line":261,"column":13}},"loc":{"start":{"line":261,"column":19},"end":{"line":261,"column":23}},"line":261},"19":{"name":"(anonymous_19)","decl":{"start":{"line":262,"column":9},"end":{"line":262,"column":10}},"loc":{"start":{"line":262,"column":16},"end":{"line":262,"column":21}},"line":262},"20":{"name":"(anonymous_20)","decl":{"start":{"line":263,"column":12},"end":{"line":263,"column":13}},"loc":{"start":{"line":263,"column":34},"end":{"line":263,"column":38}},"line":263},"21":{"name":"getSilencedDeviceIPs","decl":{"start":{"line":269,"column":9},"end":{"line":269,"column":30}},"loc":{"start":{"line":269,"column":56},"end":{"line":275,"column":null}},"line":269},"22":{"name":"(anonymous_22)","decl":{"start":{"line":272,"column":12},"end":{"line":272,"column":13}},"loc":{"start":{"line":272,"column":19},"end":{"line":272,"column":56}},"line":272},"23":{"name":"(anonymous_23)","decl":{"start":{"line":273,"column":9},"end":{"line":273,"column":10}},"loc":{"start":{"line":273,"column":16},"end":{"line":273,"column":21}},"line":273},"24":{"name":"(anonymous_24)","decl":{"start":{"line":274,"column":12},"end":{"line":274,"column":13}},"loc":{"start":{"line":274,"column":34},"end":{"line":274,"column":38}},"line":274},"25":{"name":"buildTree","decl":{"start":{"line":279,"column":9},"end":{"line":279,"column":null}},"loc":{"start":{"line":282,"column":12},"end":{"line":326,"column":null}},"line":282},"26":{"name":"useNetworkData","decl":{"start":{"line":330,"column":16},"end":{"line":330,"column":33}},"loc":{"start":{"line":330,"column":33},"end":{"line":380,"column":null}},"line":330},"27":{"name":"parseNetworkMap","decl":{"start":{"line":331,"column":11},"end":{"line":331,"column":27}},"loc":{"start":{"line":331,"column":58},"end":{"line":357,"column":null}},"line":331},"28":{"name":"(anonymous_28)","decl":{"start":{"line":333,"column":28},"end":{"line":333,"column":34}},"loc":{"start":{"line":333,"column":34},"end":{"line":340,"column":7}},"line":333},"29":{"name":"(anonymous_29)","decl":{"start":{"line":341,"column":30},"end":{"line":341,"column":36}},"loc":{"start":{"line":341,"column":36},"end":{"line":345,"column":7}},"line":341}},"branchMap":{"0":{"loc":{"start":{"line":23,"column":2},"end":{"line":23,"column":null}},"type":"if","locations":[{"start":{"line":23,"column":2},"end":{"line":23,"column":null}},{"start":{},"end":{}}],"line":23},"1":{"loc":{"start":{"line":39,"column":4},"end":{"line":50,"column":null}},"type":"if","locations":[{"start":{"line":39,"column":4},"end":{"line":50,"column":null}},{"start":{},"end":{}}],"line":39},"2":{"loc":{"start":{"line":46,"column":18},"end":{"line":46,"column":null}},"type":"cond-expr","locations":[{"start":{"line":46,"column":46},"end":{"line":46,"column":58}},{"start":{"line":46,"column":58},"end":{"line":46,"column":null}}],"line":46},"3":{"loc":{"start":{"line":63,"column":4},"end":{"line":63,"column":null}},"type":"if","locations":[{"start":{"line":63,"column":4},"end":{"line":63,"column":null}},{"start":{},"end":{}}],"line":63},"4":{"loc":{"start":{"line":64,"column":4},"end":{"line":64,"column":null}},"type":"if","locations":[{"start":{"line":64,"column":4},"end":{"line":64,"column":null}},{"start":{},"end":{}}],"line":64},"5":{"loc":{"start":{"line":65,"column":4},"end":{"line":65,"column":null}},"type":"if","locations":[{"start":{"line":65,"column":4},"end":{"line":65,"column":null}},{"start":{},"end":{}}],"line":65},"6":{"loc":{"start":{"line":66,"column":4},"end":{"line":66,"column":null}},"type":"if","locations":[{"start":{"line":66,"column":4},"end":{"line":66,"column":null}},{"start":{},"end":{}}],"line":66},"7":{"loc":{"start":{"line":67,"column":4},"end":{"line":67,"column":null}},"type":"if","locations":[{"start":{"line":67,"column":4},"end":{"line":67,"column":null}},{"start":{},"end":{}}],"line":67},"8":{"loc":{"start":{"line":68,"column":4},"end":{"line":68,"column":null}},"type":"if","locations":[{"start":{"line":68,"column":4},"end":{"line":68,"column":null}},{"start":{},"end":{}}],"line":68},"9":{"loc":{"start":{"line":69,"column":4},"end":{"line":69,"column":null}},"type":"if","locations":[{"start":{"line":69,"column":4},"end":{"line":69,"column":null}},{"start":{},"end":{}}],"line":69},"10":{"loc":{"start":{"line":75,"column":4},"end":{"line":79,"column":null}},"type":"if","locations":[{"start":{"line":75,"column":4},"end":{"line":79,"column":null}},{"start":{},"end":{}}],"line":75},"11":{"loc":{"start":{"line":82,"column":4},"end":{"line":88,"column":null}},"type":"if","locations":[{"start":{"line":82,"column":4},"end":{"line":88,"column":null}},{"start":{},"end":{}}],"line":82},"12":{"loc":{"start":{"line":82,"column":8},"end":{"line":82,"column":28}},"type":"binary-expr","locations":[{"start":{"line":82,"column":8},"end":{"line":82,"column":22}},{"start":{"line":82,"column":22},"end":{"line":82,"column":28}}],"line":82},"13":{"loc":{"start":{"line":98,"column":47},"end":{"line":98,"column":93}},"type":"default-arg","locations":[{"start":{"line":98,"column":77},"end":{"line":98,"column":93}}],"line":98},"14":{"loc":{"start":{"line":100,"column":2},"end":{"line":110,"column":null}},"type":"if","locations":[{"start":{"line":100,"column":2},"end":{"line":110,"column":null}},{"start":{},"end":{}}],"line":100},"15":{"loc":{"start":{"line":119,"column":22},"end":{"line":119,"column":43}},"type":"binary-expr","locations":[{"start":{"line":119,"column":22},"end":{"line":119,"column":38}},{"start":{"line":119,"column":38},"end":{"line":119,"column":43}}],"line":119},"16":{"loc":{"start":{"line":122,"column":2},"end":{"line":124,"column":null}},"type":"if","locations":[{"start":{"line":122,"column":2},"end":{"line":124,"column":null}},{"start":{},"end":{}}],"line":122},"17":{"loc":{"start":{"line":130,"column":2},"end":{"line":132,"column":null}},"type":"if","locations":[{"start":{"line":130,"column":2},"end":{"line":132,"column":null}},{"start":{},"end":{}}],"line":130},"18":{"loc":{"start":{"line":138,"column":2},"end":{"line":140,"column":null}},"type":"if","locations":[{"start":{"line":138,"column":2},"end":{"line":140,"column":null}},{"start":{},"end":{}}],"line":138},"19":{"loc":{"start":{"line":146,"column":49},"end":{"line":146,"column":95}},"type":"default-arg","locations":[{"start":{"line":146,"column":79},"end":{"line":146,"column":95}}],"line":146},"20":{"loc":{"start":{"line":148,"column":4},"end":{"line":150,"column":null}},"type":"if","locations":[{"start":{"line":148,"column":4},"end":{"line":150,"column":null}},{"start":{},"end":{}}],"line":148},"21":{"loc":{"start":{"line":151,"column":20},"end":{"line":151,"column":38}},"type":"binary-expr","locations":[{"start":{"line":151,"column":20},"end":{"line":151,"column":34}},{"start":{"line":151,"column":34},"end":{"line":151,"column":38}}],"line":151},"22":{"loc":{"start":{"line":162,"column":2},"end":{"line":162,"column":null}},"type":"if","locations":[{"start":{"line":162,"column":2},"end":{"line":162,"column":null}},{"start":{},"end":{}}],"line":162},"23":{"loc":{"start":{"line":163,"column":2},"end":{"line":163,"column":null}},"type":"if","locations":[{"start":{"line":163,"column":2},"end":{"line":163,"column":null}},{"start":{},"end":{}}],"line":163},"24":{"loc":{"start":{"line":164,"column":18},"end":{"line":164,"column":39}},"type":"binary-expr","locations":[{"start":{"line":164,"column":18},"end":{"line":164,"column":35}},{"start":{"line":164,"column":35},"end":{"line":164,"column":39}}],"line":164},"25":{"loc":{"start":{"line":166,"column":4},"end":{"line":166,"column":null}},"type":"if","locations":[{"start":{"line":166,"column":4},"end":{"line":166,"column":null}},{"start":{},"end":{}}],"line":166},"26":{"loc":{"start":{"line":181,"column":4},"end":{"line":187,"column":null}},"type":"if","locations":[{"start":{"line":181,"column":4},"end":{"line":187,"column":null}},{"start":{},"end":{}}],"line":181},"27":{"loc":{"start":{"line":182,"column":18},"end":{"line":182,"column":null}},"type":"binary-expr","locations":[{"start":{"line":182,"column":18},"end":{"line":182,"column":26}},{"start":{"line":182,"column":26},"end":{"line":182,"column":null}}],"line":182},"28":{"loc":{"start":{"line":183,"column":6},"end":{"line":186,"column":null}},"type":"if","locations":[{"start":{"line":183,"column":6},"end":{"line":186,"column":null}},{"start":{},"end":{}}],"line":183},"29":{"loc":{"start":{"line":188,"column":20},"end":{"line":188,"column":38}},"type":"binary-expr","locations":[{"start":{"line":188,"column":20},"end":{"line":188,"column":34}},{"start":{"line":188,"column":34},"end":{"line":188,"column":38}}],"line":188},"30":{"loc":{"start":{"line":199,"column":18},"end":{"line":199,"column":39}},"type":"binary-expr","locations":[{"start":{"line":199,"column":18},"end":{"line":199,"column":35}},{"start":{"line":199,"column":35},"end":{"line":199,"column":39}}],"line":199},"31":{"loc":{"start":{"line":200,"column":20},"end":{"line":200,"column":38}},"type":"binary-expr","locations":[{"start":{"line":200,"column":20},"end":{"line":200,"column":34}},{"start":{"line":200,"column":34},"end":{"line":200,"column":38}}],"line":200},"32":{"loc":{"start":{"line":211,"column":18},"end":{"line":211,"column":39}},"type":"binary-expr","locations":[{"start":{"line":211,"column":18},"end":{"line":211,"column":35}},{"start":{"line":211,"column":35},"end":{"line":211,"column":39}}],"line":211},"33":{"loc":{"start":{"line":212,"column":17},"end":{"line":212,"column":35}},"type":"binary-expr","locations":[{"start":{"line":212,"column":17},"end":{"line":212,"column":31}},{"start":{"line":212,"column":31},"end":{"line":212,"column":35}}],"line":212},"34":{"loc":{"start":{"line":213,"column":4},"end":{"line":216,"column":null}},"type":"if","locations":[{"start":{"line":213,"column":4},"end":{"line":216,"column":null}},{"start":{},"end":{}}],"line":213},"35":{"loc":{"start":{"line":225,"column":10},"end":{"line":225,"column":31}},"type":"binary-expr","locations":[{"start":{"line":225,"column":10},"end":{"line":225,"column":27}},{"start":{"line":225,"column":27},"end":{"line":225,"column":31}}],"line":225},"36":{"loc":{"start":{"line":226,"column":11},"end":{"line":226,"column":null}},"type":"binary-expr","locations":[{"start":{"line":226,"column":11},"end":{"line":226,"column":34}},{"start":{"line":226,"column":34},"end":{"line":226,"column":53}},{"start":{"line":226,"column":53},"end":{"line":226,"column":null}}],"line":226},"37":{"loc":{"start":{"line":236,"column":2},"end":{"line":249,"column":null}},"type":"switch","locations":[{"start":{"line":237,"column":4},"end":{"line":237,"column":null}},{"start":{"line":238,"column":4},"end":{"line":239,"column":null}},{"start":{"line":240,"column":4},"end":{"line":240,"column":null}},{"start":{"line":241,"column":4},"end":{"line":241,"column":null}},{"start":{"line":242,"column":4},"end":{"line":243,"column":null}},{"start":{"line":244,"column":4},"end":{"line":244,"column":null}},{"start":{"line":245,"column":4},"end":{"line":246,"column":null}},{"start":{"line":247,"column":4},"end":{"line":248,"column":null}}],"line":236},"38":{"loc":{"start":{"line":272,"column":19},"end":{"line":272,"column":56}},"type":"binary-expr","locations":[{"start":{"line":272,"column":19},"end":{"line":272,"column":27}},{"start":{"line":272,"column":27},"end":{"line":272,"column":56}}],"line":272},"39":{"loc":{"start":{"line":285,"column":8},"end":{"line":285,"column":null}},"type":"cond-expr","locations":[{"start":{"line":285,"column":18},"end":{"line":285,"column":31}},{"start":{"line":285,"column":31},"end":{"line":285,"column":null}}],"line":285},"40":{"loc":{"start":{"line":286,"column":10},"end":{"line":286,"column":null}},"type":"cond-expr","locations":[{"start":{"line":286,"column":20},"end":{"line":286,"column":60}},{"start":{"line":286,"column":60},"end":{"line":286,"column":null}}],"line":286},"41":{"loc":{"start":{"line":287,"column":10},"end":{"line":287,"column":null}},"type":"cond-expr","locations":[{"start":{"line":287,"column":20},"end":{"line":287,"column":39}},{"start":{"line":287,"column":39},"end":{"line":287,"column":null}}],"line":287},"42":{"loc":{"start":{"line":304,"column":4},"end":{"line":304,"column":null}},"type":"if","locations":[{"start":{"line":304,"column":4},"end":{"line":304,"column":null}},{"start":{},"end":{}}],"line":304},"43":{"loc":{"start":{"line":335,"column":6},"end":{"line":335,"column":null}},"type":"if","locations":[{"start":{"line":335,"column":6},"end":{"line":335,"column":null}},{"start":{},"end":{}}],"line":335},"44":{"loc":{"start":{"line":338,"column":18},"end":{"line":338,"column":null}},"type":"cond-expr","locations":[{"start":{"line":338,"column":34},"end":{"line":338,"column":41}},{"start":{"line":338,"column":41},"end":{"line":338,"column":null}}],"line":338},"45":{"loc":{"start":{"line":343,"column":6},"end":{"line":343,"column":null}},"type":"if","locations":[{"start":{"line":343,"column":6},"end":{"line":343,"column":null}},{"start":{},"end":{}}],"line":343}},"s":{"0":3,"1":3,"2":3,"3":3,"4":1,"5":2,"6":3,"7":3,"8":3,"9":3,"10":3,"11":0,"12":0,"13":0,"14":0,"15":0,"16":3,"17":3,"18":3,"19":3,"20":0,"21":0,"22":0,"23":0,"24":0,"25":0,"26":0,"27":0,"28":0,"29":0,"30":0,"31":0,"32":0,"33":0,"34":0,"35":0,"36":3,"37":3,"38":3,"39":0,"40":0,"41":0,"42":3,"43":3,"44":0,"45":3,"46":2,"47":2,"48":1,"49":1,"50":1,"51":2,"52":2,"53":2,"54":2,"55":2,"56":2,"57":2,"58":2,"59":0,"60":2,"61":2,"62":1,"63":0,"64":0,"65":0,"66":0,"67":0,"68":0,"69":12,"70":0,"71":12,"72":3,"73":9,"74":8,"75":8,"76":3,"77":6,"78":6,"79":6,"80":6,"81":18,"82":10,"83":10,"84":9,"85":9,"86":18,"87":12,"88":6,"89":6,"90":1,"91":1,"92":1,"93":1,"94":2,"95":1,"96":1,"97":1,"98":1,"99":1,"100":1,"101":3,"102":3,"103":4,"104":1,"105":1,"106":1,"107":1,"108":2,"109":2,"110":3,"111":3,"112":3,"113":1,"114":1,"115":3,"116":1,"117":1,"118":3,"119":3,"120":3,"121":0,"122":0,"123":0,"124":0,"125":0,"126":0,"127":0,"128":0,"129":3,"130":3,"131":3,"132":3,"133":3,"134":3,"135":0,"136":0,"137":0,"138":3,"139":3,"140":3,"141":3,"142":3,"143":0,"144":3,"145":3,"146":3,"147":3,"148":3,"149":1},"f":{"0":3,"1":3,"2":3,"3":0,"4":2,"5":2,"6":0,"7":0,"8":12,"9":6,"10":18,"11":1,"12":2,"13":1,"14":3,"15":3,"16":4,"17":2,"18":3,"19":3,"20":3,"21":1,"22":3,"23":1,"24":1,"25":3,"26":1,"27":3,"28":3,"29":3},"b":{"0":[1,2],"1":[0,3],"2":[0,0],"3":[0,0],"4":[0,0],"5":[0,0],"6":[0,0],"7":[0,0],"8":[0,0],"9":[0,0],"10":[0,3],"11":[0,3],"12":[3,0],"13":[2],"14":[1,1],"15":[2,0],"16":[2,0],"17":[0,2],"18":[1,1],"19":[0],"20":[0,0],"21":[0,0],"22":[0,12],"23":[3,9],"24":[9,3],"25":[3,5],"26":[10,8],"27":[10,2],"28":[9,1],"29":[18,9],"30":[1,0],"31":[1,0],"32":[2,0],"33":[1,0],"34":[1,0],"35":[3,0],"36":[3,3,2],"37":[0,1,1,1,1,1,1,1],"38":[3,3],"39":[2,1],"40":[2,1],"41":[2,1],"42":[0,0],"43":[3,0],"44":[0,0],"45":[3,0]},"meta":{"lastBranch":46,"lastFunction":30,"lastStatement":150,"seen":{"f:19:9:19:22":0,"s:20:17:20:Infinity":0,"s:21:16:21:Infinity":1,"s:22:17:22:Infinity":2,"b:23:2:23:Infinity:undefined:undefined:undefined:undefined":0,"s:23:2:23:Infinity":3,"s:23:15:23:Infinity":4,"s:24:2:29:Infinity":5,"f:32:9:32:22":1,"s:33:33:33:Infinity":6,"s:34:16:34:Infinity":7,"s:35:2:51:Infinity":8,"s:38:6:38:Infinity":9,"b:39:4:50:Infinity:undefined:undefined:undefined:undefined":1,"s:39:4:50:Infinity":10,"s:40:17:40:Infinity":11,"s:41:26:41:Infinity":12,"s:42:19:42:Infinity":13,"s:43:20:43:Infinity":14,"s:44:6:49:Infinity":15,"b:46:46:46:58:46:58:46:Infinity":2,"s:52:2:52:Infinity":16,"f:55:9:55:Infinity":2,"s:58:87:58:Infinity":17,"s:59:34:59:Infinity":18,"s:61:26:71:Infinity":19,"f:61:26:61:27":3,"s:62:14:62:Infinity":20,"b:63:4:63:Infinity:undefined:undefined:undefined:undefined":3,"s:63:4:63:Infinity":21,"s:63:31:63:Infinity":22,"b:64:4:64:Infinity:undefined:undefined:undefined:undefined":4,"s:64:4:64:Infinity":23,"s:64:30:64:Infinity":24,"b:65:4:65:Infinity:undefined:undefined:undefined:undefined":5,"s:65:4:65:Infinity":25,"s:65:32:65:Infinity":26,"b:66:4:66:Infinity:undefined:undefined:undefined:undefined":6,"s:66:4:66:Infinity":27,"s:66:30:66:Infinity":28,"b:67:4:67:Infinity:undefined:undefined:undefined:undefined":7,"s:67:4:67:Infinity":29,"s:67:31:67:Infinity":30,"b:68:4:68:Infinity:undefined:undefined:undefined:undefined":8,"s:68:4:68:Infinity":31,"s:68:27:68:Infinity":32,"b:69:4:69:Infinity:undefined:undefined:undefined:undefined":9,"s:69:4:69:Infinity":33,"s:69:30:69:Infinity":34,"s:70:4:70:Infinity":35,"s:73:2:89:Infinity":36,"s:74:19:74:Infinity":37,"b:75:4:79:Infinity:undefined:undefined:undefined:undefined":10,"s:75:4:79:Infinity":38,"s:76:6:76:Infinity":39,"s:77:6:77:Infinity":40,"s:78:6:78:Infinity":41,"s:81:17:81:Infinity":42,"b:82:4:88:Infinity:undefined:undefined:undefined:undefined":11,"s:82:4:88:Infinity":43,"b:82:8:82:22:82:22:82:28":12,"s:83:6:87:Infinity":44,"s:90:2:90:Infinity":45,"f:98:9:98:31":4,"b:98:77:98:93":13,"s:99:8:99:Infinity":46,"b:100:2:110:Infinity:undefined:undefined:undefined:undefined":14,"s:100:2:110:Infinity":47,"s:101:2:101:Infinity":48,"s:102:2:102:Infinity":49,"s:103:2:109:Infinity":50,"s:111:2:111:Infinity":51,"f:117:9:117:27":5,"s:118:8:118:Infinity":52,"s:119:8:119:Infinity":53,"b:119:22:119:38:119:38:119:43":15,"b:122:2:124:Infinity:undefined:undefined:undefined:undefined":16,"s:122:2:124:Infinity":54,"s:123:4:123:Infinity":55,"s:126:2:126:Infinity":56,"s:127:2:127:Infinity":57,"b:130:2:132:Infinity:undefined:undefined:undefined:undefined":17,"s:130:2:132:Infinity":58,"s:131:4:131:Infinity":59,"s:133:2:137:Infinity":60,"b:138:2:140:Infinity:undefined:undefined:undefined:undefined":18,"s:138:2:140:Infinity":61,"s:139:4:139:Infinity":62,"f:146:9:146:33":6,"b:146:79:146:95":19,"s:147:15:152:Infinity":63,"f:147:15:147:16":7,"b:148:4:150:Infinity:undefined:undefined:undefined:undefined":20,"s:148:4:150:Infinity":64,"s:149:6:149:Infinity":65,"s:151:4:151:Infinity":66,"b:151:20:151:34:151:34:151:38":21,"s:151:38:151:Infinity":67,"s:153:2:153:Infinity":68,"f:161:9:161:22":8,"b:162:2:162:Infinity:undefined:undefined:undefined:undefined":22,"s:162:2:162:Infinity":69,"s:162:11:162:Infinity":70,"b:163:2:163:Infinity:undefined:undefined:undefined:undefined":23,"s:163:2:163:Infinity":71,"s:163:22:163:Infinity":72,"s:164:2:167:Infinity":73,"b:164:18:164:35:164:35:164:39":24,"s:165:14:165:Infinity":74,"b:166:4:166:Infinity:undefined:undefined:undefined:undefined":25,"s:166:4:166:Infinity":75,"s:166:11:166:Infinity":76,"s:168:2:168:Infinity":77,"f:175:9:175:24":9,"s:176:26:176:Infinity":78,"s:177:15:177:Infinity":79,"s:178:15:189:Infinity":80,"f:178:15:178:16":10,"b:181:4:187:Infinity:undefined:undefined:undefined:undefined":26,"s:181:4:187:Infinity":81,"s:182:18:182:Infinity":82,"b:182:18:182:26:182:26:182:Infinity":27,"b:183:6:186:Infinity:undefined:undefined:undefined:undefined":28,"s:183:6:186:Infinity":83,"s:184:8:184:Infinity":84,"s:185:8:185:Infinity":85,"s:188:4:188:Infinity":86,"b:188:20:188:34:188:34:188:38":29,"s:188:38:188:Infinity":87,"s:190:2:190:Infinity":88,"s:191:2:191:Infinity":89,"f:197:9:197:17":11,"s:198:2:198:Infinity":90,"s:199:2:203:Infinity":91,"b:199:18:199:35:199:35:199:39":30,"s:200:4:202:Infinity":92,"b:200:20:200:34:200:34:200:38":31,"s:201:6:201:Infinity":93,"f:210:9:210:29":12,"s:211:2:217:Infinity":94,"b:211:18:211:35:211:35:211:39":32,"s:212:10:212:Infinity":95,"b:212:17:212:31:212:31:212:35":33,"f:212:45:212:46":13,"s:212:52:212:63":96,"b:213:4:216:Infinity:undefined:undefined:undefined:undefined":34,"s:213:4:216:Infinity":97,"s:214:21:214:Infinity":98,"s:215:6:215:Infinity":99,"s:218:2:218:Infinity":100,"f:224:9:224:27":14,"s:225:2:227:Infinity":101,"b:225:10:225:27:225:27:225:31":35,"f:226:4:226:5":15,"s:226:11:226:Infinity":102,"b:226:11:226:34:226:34:226:53:226:53:226:Infinity":36,"f:233:9:233:Infinity":16,"b:237:4:237:Infinity:238:4:239:Infinity:240:4:240:Infinity:241:4:241:Infinity:242:4:243:Infinity:244:4:244:Infinity:245:4:246:Infinity:247:4:248:Infinity":37,"s:236:2:249:Infinity":103,"s:239:6:239:Infinity":104,"s:243:6:243:Infinity":105,"s:246:6:246:Infinity":106,"s:248:6:248:Infinity":107,"f:258:9:258:31":17,"s:259:18:259:Infinity":108,"s:260:2:263:Infinity":109,"f:261:12:261:13":18,"s:261:19:261:23":110,"f:262:9:262:10":19,"s:262:16:262:21":111,"f:263:12:263:13":20,"s:263:34:263:38":112,"f:269:9:269:30":21,"s:270:18:270:Infinity":113,"s:271:2:274:Infinity":114,"f:272:12:272:13":22,"s:272:19:272:56":115,"b:272:19:272:27:272:27:272:56":38,"f:273:9:273:10":23,"s:273:16:273:21":116,"f:274:12:274:13":24,"s:274:34:274:38":117,"f:279:9:279:Infinity":25,"s:283:8:283:Infinity":118,"s:284:25:301:Infinity":119,"b:285:18:285:31:285:31:285:Infinity":39,"b:286:20:286:60:286:60:286:Infinity":40,"b:287:20:287:39:287:39:287:Infinity":41,"s:303:2:324:Infinity":120,"b:304:4:304:Infinity:undefined:undefined:undefined:undefined":42,"s:304:4:304:Infinity":121,"s:304:23:304:Infinity":122,"s:305:32:310:Infinity":123,"s:311:4:322:Infinity":124,"s:312:35:319:Infinity":125,"s:320:6:320:Infinity":126,"s:321:6:321:Infinity":127,"s:323:4:323:Infinity":128,"s:325:2:325:Infinity":129,"f:330:16:330:33":26,"f:331:11:331:27":27,"s:332:27:332:Infinity":130,"s:333:10:340:Infinity":131,"f:333:28:333:34":28,"s:334:20:334:Infinity":132,"b:335:6:335:Infinity:undefined:undefined:undefined:undefined":43,"s:335:6:335:Infinity":133,"s:335:24:335:Infinity":134,"s:336:19:336:Infinity":135,"s:337:21:337:Infinity":136,"s:338:18:338:Infinity":137,"b:338:34:338:41:338:41:338:Infinity":44,"s:339:6:339:Infinity":138,"s:341:10:345:Infinity":139,"f:341:30:341:36":29,"s:342:20:342:Infinity":140,"b:343:6:343:Infinity:undefined:undefined:undefined:undefined":45,"s:343:6:343:Infinity":141,"s:343:24:343:Infinity":142,"s:344:6:344:Infinity":143,"s:347:20:347:Infinity":144,"s:348:20:348:Infinity":145,"s:349:19:349:Infinity":146,"s:350:17:350:Infinity":147,"s:351:4:356:Infinity":148,"s:359:2:379:Infinity":149}}}
,"/Users/devartech/Documents/github/meridian/cartographer/frontend/src/utils/authHelpers.ts": {"path":"/Users/devartech/Documents/github/meridian/cartographer/frontend/src/utils/authHelpers.ts","statementMap":{"0":{"start":{"line":19,"column":2},"end":{"line":19,"column":null}},"1":{"start":{"line":31,"column":2},"end":{"line":31,"column":null}},"2":{"start":{"line":41,"column":2},"end":{"line":41,"column":null}},"3":{"start":{"line":51,"column":2},"end":{"line":60,"column":null}},"4":{"start":{"line":53,"column":6},"end":{"line":53,"column":null}},"5":{"start":{"line":55,"column":6},"end":{"line":55,"column":null}},"6":{"start":{"line":57,"column":6},"end":{"line":57,"column":null}},"7":{"start":{"line":59,"column":6},"end":{"line":59,"column":null}},"8":{"start":{"line":70,"column":2},"end":{"line":79,"column":null}},"9":{"start":{"line":72,"column":6},"end":{"line":72,"column":null}},"10":{"start":{"line":74,"column":6},"end":{"line":74,"column":null}},"11":{"start":{"line":76,"column":6},"end":{"line":76,"column":null}},"12":{"start":{"line":78,"column":6},"end":{"line":78,"column":null}},"13":{"start":{"line":91,"column":2},"end":{"line":102,"column":null}},"14":{"start":{"line":93,"column":6},"end":{"line":93,"column":null}},"15":{"start":{"line":95,"column":6},"end":{"line":95,"column":null}},"16":{"start":{"line":97,"column":6},"end":{"line":97,"column":null}},"17":{"start":{"line":99,"column":6},"end":{"line":99,"column":null}},"18":{"start":{"line":101,"column":6},"end":{"line":101,"column":null}},"19":{"start":{"line":112,"column":2},"end":{"line":123,"column":null}},"20":{"start":{"line":114,"column":6},"end":{"line":114,"column":null}},"21":{"start":{"line":116,"column":6},"end":{"line":116,"column":null}},"22":{"start":{"line":118,"column":6},"end":{"line":118,"column":null}},"23":{"start":{"line":120,"column":6},"end":{"line":120,"column":null}},"24":{"start":{"line":122,"column":6},"end":{"line":122,"column":null}}},"fnMap":{"0":{"name":"getFullName","decl":{"start":{"line":18,"column":16},"end":{"line":18,"column":28}},"loc":{"start":{"line":18,"column":48},"end":{"line":20,"column":null}},"line":18},"1":{"name":"canWrite","decl":{"start":{"line":30,"column":16},"end":{"line":30,"column":25}},"loc":{"start":{"line":30,"column":50},"end":{"line":32,"column":null}},"line":30},"2":{"name":"canManageUsers","decl":{"start":{"line":40,"column":16},"end":{"line":40,"column":31}},"loc":{"start":{"line":40,"column":56},"end":{"line":42,"column":null}},"line":40},"3":{"name":"getRoleLabel","decl":{"start":{"line":50,"column":16},"end":{"line":50,"column":29}},"loc":{"start":{"line":50,"column":53},"end":{"line":61,"column":null}},"line":50},"4":{"name":"getRoleDescription","decl":{"start":{"line":69,"column":16},"end":{"line":69,"column":35}},"loc":{"start":{"line":69,"column":59},"end":{"line":80,"column":null}},"line":69},"5":{"name":"getInviteStatusLabel","decl":{"start":{"line":90,"column":16},"end":{"line":90,"column":37}},"loc":{"start":{"line":90,"column":67},"end":{"line":103,"column":null}},"line":90},"6":{"name":"getInviteStatusClass","decl":{"start":{"line":111,"column":16},"end":{"line":111,"column":37}},"loc":{"start":{"line":111,"column":67},"end":{"line":124,"column":null}},"line":111}},"branchMap":{"0":{"loc":{"start":{"line":31,"column":9},"end":{"line":31,"column":null}},"type":"binary-expr","locations":[{"start":{"line":31,"column":9},"end":{"line":31,"column":29}},{"start":{"line":31,"column":29},"end":{"line":31,"column":null}}],"line":31},"1":{"loc":{"start":{"line":51,"column":2},"end":{"line":60,"column":null}},"type":"switch","locations":[{"start":{"line":52,"column":4},"end":{"line":53,"column":null}},{"start":{"line":54,"column":4},"end":{"line":55,"column":null}},{"start":{"line":56,"column":4},"end":{"line":57,"column":null}},{"start":{"line":58,"column":4},"end":{"line":59,"column":null}}],"line":51},"2":{"loc":{"start":{"line":70,"column":2},"end":{"line":79,"column":null}},"type":"switch","locations":[{"start":{"line":71,"column":4},"end":{"line":72,"column":null}},{"start":{"line":73,"column":4},"end":{"line":74,"column":null}},{"start":{"line":75,"column":4},"end":{"line":76,"column":null}},{"start":{"line":77,"column":4},"end":{"line":78,"column":null}}],"line":70},"3":{"loc":{"start":{"line":91,"column":2},"end":{"line":102,"column":null}},"type":"switch","locations":[{"start":{"line":92,"column":4},"end":{"line":93,"column":null}},{"start":{"line":94,"column":4},"end":{"line":95,"column":null}},{"start":{"line":96,"column":4},"end":{"line":97,"column":null}},{"start":{"line":98,"column":4},"end":{"line":99,"column":null}},{"start":{"line":100,"column":4},"end":{"line":101,"column":null}}],"line":91},"4":{"loc":{"start":{"line":112,"column":2},"end":{"line":123,"column":null}},"type":"switch","locations":[{"start":{"line":113,"column":4},"end":{"line":114,"column":null}},{"start":{"line":115,"column":4},"end":{"line":116,"column":null}},{"start":{"line":117,"column":4},"end":{"line":118,"column":null}},{"start":{"line":119,"column":4},"end":{"line":120,"column":null}},{"start":{"line":121,"column":4},"end":{"line":122,"column":null}}],"line":112}},"s":{"0":1,"1":3,"2":3,"3":4,"4":1,"5":1,"6":1,"7":1,"8":4,"9":1,"10":1,"11":1,"12":1,"13":5,"14":1,"15":1,"16":1,"17":1,"18":1,"19":5,"20":1,"21":1,"22":1,"23":1,"24":1},"f":{"0":1,"1":3,"2":3,"3":4,"4":4,"5":5,"6":5},"b":{"0":[3,2],"1":[1,1,1,1],"2":[1,1,1,1],"3":[1,1,1,1,1],"4":[1,1,1,1,1]},"meta":{"lastBranch":5,"lastFunction":7,"lastStatement":25,"seen":{"f:18:16:18:28":0,"s:19:2:19:Infinity":0,"f:30:16:30:25":1,"s:31:2:31:Infinity":1,"b:31:9:31:29:31:29:31:Infinity":0,"f:40:16:40:31":2,"s:41:2:41:Infinity":2,"f:50:16:50:29":3,"b:52:4:53:Infinity:54:4:55:Infinity:56:4:57:Infinity:58:4:59:Infinity":1,"s:51:2:60:Infinity":3,"s:53:6:53:Infinity":4,"s:55:6:55:Infinity":5,"s:57:6:57:Infinity":6,"s:59:6:59:Infinity":7,"f:69:16:69:35":4,"b:71:4:72:Infinity:73:4:74:Infinity:75:4:76:Infinity:77:4:78:Infinity":2,"s:70:2:79:Infinity":8,"s:72:6:72:Infinity":9,"s:74:6:74:Infinity":10,"s:76:6:76:Infinity":11,"s:78:6:78:Infinity":12,"f:90:16:90:37":5,"b:92:4:93:Infinity:94:4:95:Infinity:96:4:97:Infinity:98:4:99:Infinity:100:4:101:Infinity":3,"s:91:2:102:Infinity":13,"s:93:6:93:Infinity":14,"s:95:6:95:Infinity":15,"s:97:6:97:Infinity":16,"s:99:6:99:Infinity":17,"s:101:6:101:Infinity":18,"f:111:16:111:37":6,"b:113:4:114:Infinity:115:4:116:Infinity:117:4:118:Infinity:119:4:120:Infinity:121:4:122:Infinity":4,"s:112:2:123:Infinity":19,"s:114:6:114:Infinity":20,"s:116:6:116:Infinity":21,"s:118:6:118:Infinity":22,"s:120:6:120:Infinity":23,"s:122:6:122:Infinity":24}}}
,"/Users/devartech/Documents/github/meridian/cartographer/frontend/src/utils/formatters.ts": {"path":"/Users/devartech/Documents/github/meridian/cartographer/frontend/src/utils/formatters.ts","statementMap":{"0":{"start":{"line":22,"column":61},"end":{"line":22,"column":null}},"1":{"start":{"line":24,"column":15},"end":{"line":24,"column":null}},"2":{"start":{"line":25,"column":14},"end":{"line":25,"column":null}},"3":{"start":{"line":26,"column":17},"end":{"line":26,"column":null}},"4":{"start":{"line":27,"column":19},"end":{"line":27,"column":null}},"5":{"start":{"line":28,"column":20},"end":{"line":28,"column":null}},"6":{"start":{"line":29,"column":19},"end":{"line":29,"column":null}},"7":{"start":{"line":31,"column":2},"end":{"line":31,"column":null}},"8":{"start":{"line":31,"column":20},"end":{"line":31,"column":null}},"9":{"start":{"line":32,"column":2},"end":{"line":32,"column":null}},"10":{"start":{"line":32,"column":21},"end":{"line":32,"column":null}},"11":{"start":{"line":33,"column":2},"end":{"line":33,"column":null}},"12":{"start":{"line":33,"column":22},"end":{"line":33,"column":null}},"13":{"start":{"line":34,"column":2},"end":{"line":34,"column":null}},"14":{"start":{"line":34,"column":20},"end":{"line":34,"column":null}},"15":{"start":{"line":36,"column":2},"end":{"line":43,"column":null}},"16":{"start":{"line":37,"column":4},"end":{"line":42,"column":null}},"17":{"start":{"line":45,"column":2},"end":{"line":48,"column":null}},"18":{"start":{"line":59,"column":15},"end":{"line":59,"column":null}},"19":{"start":{"line":60,"column":14},"end":{"line":60,"column":null}},"20":{"start":{"line":61,"column":17},"end":{"line":61,"column":null}},"21":{"start":{"line":62,"column":19},"end":{"line":62,"column":null}},"22":{"start":{"line":64,"column":2},"end":{"line":64,"column":null}},"23":{"start":{"line":64,"column":20},"end":{"line":64,"column":null}},"24":{"start":{"line":65,"column":2},"end":{"line":65,"column":null}},"25":{"start":{"line":65,"column":21},"end":{"line":65,"column":null}},"26":{"start":{"line":67,"column":2},"end":{"line":67,"column":null}},"27":{"start":{"line":78,"column":15},"end":{"line":78,"column":null}},"28":{"start":{"line":79,"column":2},"end":{"line":84,"column":null}},"29":{"start":{"line":99,"column":33},"end":{"line":99,"column":null}},"30":{"start":{"line":101,"column":2},"end":{"line":101,"column":null}},"31":{"start":{"line":101,"column":18},"end":{"line":101,"column":null}},"32":{"start":{"line":103,"column":15},"end":{"line":103,"column":null}},"33":{"start":{"line":104,"column":14},"end":{"line":104,"column":null}},"34":{"start":{"line":105,"column":17},"end":{"line":105,"column":null}},"35":{"start":{"line":106,"column":19},"end":{"line":106,"column":null}},"36":{"start":{"line":108,"column":2},"end":{"line":108,"column":null}},"37":{"start":{"line":108,"column":22},"end":{"line":108,"column":null}},"38":{"start":{"line":109,"column":2},"end":{"line":109,"column":null}},"39":{"start":{"line":109,"column":22},"end":{"line":109,"column":null}},"40":{"start":{"line":110,"column":2},"end":{"line":110,"column":null}},"41":{"start":{"line":110,"column":20},"end":{"line":110,"column":null}},"42":{"start":{"line":112,"column":50},"end":{"line":115,"column":null}},"43":{"start":{"line":116,"column":2},"end":{"line":118,"column":null}},"44":{"start":{"line":117,"column":4},"end":{"line":117,"column":null}},"45":{"start":{"line":120,"column":2},"end":{"line":120,"column":null}},"46":{"start":{"line":124,"column":31},"end":{"line":125,"column":null}},"47":{"start":{"line":125,"column":2},"end":{"line":125,"column":null}},"48":{"start":{"line":127,"column":26},"end":{"line":127,"column":null}},"49":{"start":{"line":127,"column":56},"end":{"line":127,"column":null}}},"fnMap":{"0":{"name":"formatRelativeTime","decl":{"start":{"line":15,"column":16},"end":{"line":15,"column":null}},"loc":{"start":{"line":21,"column":10},"end":{"line":49,"column":null}},"line":21},"1":{"name":"formatShortTime","decl":{"start":{"line":58,"column":16},"end":{"line":58,"column":32}},"loc":{"start":{"line":58,"column":66},"end":{"line":68,"column":null}},"line":58},"2":{"name":"formatDateTime","decl":{"start":{"line":77,"column":16},"end":{"line":77,"column":31}},"loc":{"start":{"line":77,"column":65},"end":{"line":85,"column":null}},"line":77},"3":{"name":"formatRelativeDate","decl":{"start":{"line":95,"column":16},"end":{"line":95,"column":null}},"loc":{"start":{"line":98,"column":10},"end":{"line":121,"column":null}},"line":98},"4":{"name":"(anonymous_4)","decl":{"start":{"line":124,"column":31},"end":{"line":124,"column":32}},"loc":{"start":{"line":125,"column":2},"end":{"line":125,"column":null}},"line":125},"5":{"name":"(anonymous_5)","decl":{"start":{"line":127,"column":26},"end":{"line":127,"column":27}},"loc":{"start":{"line":127,"column":56},"end":{"line":127,"column":null}},"line":127}},"branchMap":{"0":{"loc":{"start":{"line":17,"column":2},"end":{"line":20,"column":null}},"type":"default-arg","locations":[{"start":{"line":20,"column":6},"end":{"line":20,"column":null}}],"line":17},"1":{"loc":{"start":{"line":22,"column":10},"end":{"line":22,"column":31}},"type":"default-arg","locations":[{"start":{"line":22,"column":24},"end":{"line":22,"column":31}}],"line":22},"2":{"loc":{"start":{"line":22,"column":31},"end":{"line":22,"column":57}},"type":"default-arg","locations":[{"start":{"line":22,"column":51},"end":{"line":22,"column":57}}],"line":22},"3":{"loc":{"start":{"line":24,"column":15},"end":{"line":24,"column":null}},"type":"cond-expr","locations":[{"start":{"line":24,"column":47},"end":{"line":24,"column":69}},{"start":{"line":24,"column":69},"end":{"line":24,"column":null}}],"line":24},"4":{"loc":{"start":{"line":31,"column":2},"end":{"line":31,"column":null}},"type":"if","locations":[{"start":{"line":31,"column":2},"end":{"line":31,"column":null}},{"start":{},"end":{}}],"line":31},"5":{"loc":{"start":{"line":31,"column":27},"end":{"line":31,"column":null}},"type":"cond-expr","locations":[{"start":{"line":31,"column":47},"end":{"line":31,"column":60}},{"start":{"line":31,"column":60},"end":{"line":31,"column":null}}],"line":31},"6":{"loc":{"start":{"line":32,"column":2},"end":{"line":32,"column":null}},"type":"if","locations":[{"start":{"line":32,"column":2},"end":{"line":32,"column":null}},{"start":{},"end":{}}],"line":32},"7":{"loc":{"start":{"line":33,"column":2},"end":{"line":33,"column":null}},"type":"if","locations":[{"start":{"line":33,"column":2},"end":{"line":33,"column":null}},{"start":{},"end":{}}],"line":33},"8":{"loc":{"start":{"line":34,"column":2},"end":{"line":34,"column":null}},"type":"if","locations":[{"start":{"line":34,"column":2},"end":{"line":34,"column":null}},{"start":{},"end":{}}],"line":34},"9":{"loc":{"start":{"line":36,"column":2},"end":{"line":43,"column":null}},"type":"if","locations":[{"start":{"line":36,"column":2},"end":{"line":43,"column":null}},{"start":{},"end":{}}],"line":36},"10":{"loc":{"start":{"line":59,"column":15},"end":{"line":59,"column":null}},"type":"cond-expr","locations":[{"start":{"line":59,"column":47},"end":{"line":59,"column":69}},{"start":{"line":59,"column":69},"end":{"line":59,"column":null}}],"line":59},"11":{"loc":{"start":{"line":64,"column":2},"end":{"line":64,"column":null}},"type":"if","locations":[{"start":{"line":64,"column":2},"end":{"line":64,"column":null}},{"start":{},"end":{}}],"line":64},"12":{"loc":{"start":{"line":65,"column":2},"end":{"line":65,"column":null}},"type":"if","locations":[{"start":{"line":65,"column":2},"end":{"line":65,"column":null}},{"start":{},"end":{}}],"line":65},"13":{"loc":{"start":{"line":78,"column":15},"end":{"line":78,"column":null}},"type":"cond-expr","locations":[{"start":{"line":78,"column":47},"end":{"line":78,"column":69}},{"start":{"line":78,"column":69},"end":{"line":78,"column":null}}],"line":78},"14":{"loc":{"start":{"line":97,"column":2},"end":{"line":97,"column":null}},"type":"default-arg","locations":[{"start":{"line":97,"column":39},"end":{"line":97,"column":null}}],"line":97},"15":{"loc":{"start":{"line":99,"column":10},"end":{"line":99,"column":29}},"type":"default-arg","locations":[{"start":{"line":99,"column":24},"end":{"line":99,"column":29}}],"line":99},"16":{"loc":{"start":{"line":101,"column":2},"end":{"line":101,"column":null}},"type":"if","locations":[{"start":{"line":101,"column":2},"end":{"line":101,"column":null}},{"start":{},"end":{}}],"line":101},"17":{"loc":{"start":{"line":103,"column":15},"end":{"line":103,"column":null}},"type":"cond-expr","locations":[{"start":{"line":103,"column":47},"end":{"line":103,"column":69}},{"start":{"line":103,"column":69},"end":{"line":103,"column":null}}],"line":103},"18":{"loc":{"start":{"line":108,"column":2},"end":{"line":108,"column":null}},"type":"if","locations":[{"start":{"line":108,"column":2},"end":{"line":108,"column":null}},{"start":{},"end":{}}],"line":108},"19":{"loc":{"start":{"line":109,"column":2},"end":{"line":109,"column":null}},"type":"if","locations":[{"start":{"line":109,"column":2},"end":{"line":109,"column":null}},{"start":{},"end":{}}],"line":109},"20":{"loc":{"start":{"line":110,"column":2},"end":{"line":110,"column":null}},"type":"if","locations":[{"start":{"line":110,"column":2},"end":{"line":110,"column":null}},{"start":{},"end":{}}],"line":110},"21":{"loc":{"start":{"line":116,"column":2},"end":{"line":118,"column":null}},"type":"if","locations":[{"start":{"line":116,"column":2},"end":{"line":118,"column":null}},{"start":{},"end":{}}],"line":116}},"s":{"0":10,"1":10,"2":10,"3":10,"4":10,"5":10,"6":10,"7":10,"8":3,"9":7,"10":7,"11":4,"12":4,"13":3,"14":3,"15":2,"16":1,"17":1,"18":3,"19":3,"20":3,"21":3,"22":3,"23":1,"24":2,"25":2,"26":1,"27":2,"28":2,"29":7,"30":7,"31":1,"32":6,"33":7,"34":7,"35":7,"36":7,"37":1,"38":5,"39":1,"40":4,"41":4,"42":3,"43":3,"44":2,"45":3,"46":1,"47":1,"48":1,"49":1},"f":{"0":10,"1":3,"2":2,"3":7,"4":1,"5":1},"b":{"0":[10],"1":[10],"2":[10],"3":[1,9],"4":[3,7],"5":[2,1],"6":[3,4],"7":[1,3],"8":[1,2],"9":[1,1],"10":[0,3],"11":[1,2],"12":[1,1],"13":[1,1],"14":[7],"15":[7],"16":[1,6],"17":[0,6],"18":[1,6],"19":[1,4],"20":[1,3],"21":[2,1]},"meta":{"lastBranch":22,"lastFunction":6,"lastStatement":50,"seen":{"f:15:16:15:Infinity":0,"b:20:6:20:Infinity":0,"s:22:61:22:Infinity":0,"b:22:24:22:31":1,"b:22:51:22:57":2,"s:24:15:24:Infinity":1,"b:24:47:24:69:24:69:24:Infinity":3,"s:25:14:25:Infinity":2,"s:26:17:26:Infinity":3,"s:27:19:27:Infinity":4,"s:28:20:28:Infinity":5,"s:29:19:29:Infinity":6,"b:31:2:31:Infinity:undefined:undefined:undefined:undefined":4,"s:31:2:31:Infinity":7,"s:31:20:31:Infinity":8,"b:31:47:31:60:31:60:31:Infinity":5,"b:32:2:32:Infinity:undefined:undefined:undefined:undefined":6,"s:32:2:32:Infinity":9,"s:32:21:32:Infinity":10,"b:33:2:33:Infinity:undefined:undefined:undefined:undefined":7,"s:33:2:33:Infinity":11,"s:33:22:33:Infinity":12,"b:34:2:34:Infinity:undefined:undefined:undefined:undefined":8,"s:34:2:34:Infinity":13,"s:34:20:34:Infinity":14,"b:36:2:43:Infinity:undefined:undefined:undefined:undefined":9,"s:36:2:43:Infinity":15,"s:37:4:42:Infinity":16,"s:45:2:48:Infinity":17,"f:58:16:58:32":1,"s:59:15:59:Infinity":18,"b:59:47:59:69:59:69:59:Infinity":10,"s:60:14:60:Infinity":19,"s:61:17:61:Infinity":20,"s:62:19:62:Infinity":21,"b:64:2:64:Infinity:undefined:undefined:undefined:undefined":11,"s:64:2:64:Infinity":22,"s:64:20:64:Infinity":23,"b:65:2:65:Infinity:undefined:undefined:undefined:undefined":12,"s:65:2:65:Infinity":24,"s:65:21:65:Infinity":25,"s:67:2:67:Infinity":26,"f:77:16:77:31":2,"s:78:15:78:Infinity":27,"b:78:47:78:69:78:69:78:Infinity":13,"s:79:2:84:Infinity":28,"f:95:16:95:Infinity":3,"b:97:39:97:Infinity":14,"s:99:33:99:Infinity":29,"b:99:24:99:29":15,"b:101:2:101:Infinity:undefined:undefined:undefined:undefined":16,"s:101:2:101:Infinity":30,"s:101:18:101:Infinity":31,"s:103:15:103:Infinity":32,"b:103:47:103:69:103:69:103:Infinity":17,"s:104:14:104:Infinity":33,"s:105:17:105:Infinity":34,"s:106:19:106:Infinity":35,"b:108:2:108:Infinity:undefined:undefined:undefined:undefined":18,"s:108:2:108:Infinity":36,"s:108:22:108:Infinity":37,"b:109:2:109:Infinity:undefined:undefined:undefined:undefined":19,"s:109:2:109:Infinity":38,"s:109:22:109:Infinity":39,"b:110:2:110:Infinity:undefined:undefined:undefined:undefined":20,"s:110:2:110:Infinity":40,"s:110:20:110:Infinity":41,"s:112:50:115:Infinity":42,"b:116:2:118:Infinity:undefined:undefined:undefined:undefined":21,"s:116:2:118:Infinity":43,"s:117:4:117:Infinity":44,"s:120:2:120:Infinity":45,"s:124:31:125:Infinity":46,"f:124:31:124:32":4,"s:125:2:125:Infinity":47,"s:127:26:127:Infinity":48,"f:127:26:127:27":5,"s:127:56:127:Infinity":49}}}
,"/Users/devartech/Documents/github/meridian/cartographer/frontend/src/utils/networkUtils.ts": {"path":"/Users/devartech/Documents/github/meridian/cartographer/frontend/src/utils/networkUtils.ts","statementMap":{"0":{"start":{"line":14,"column":16},"end":{"line":14,"column":null}},"1":{"start":{"line":15,"column":2},"end":{"line":17,"column":null}},"2":{"start":{"line":16,"column":4},"end":{"line":16,"column":null}},"3":{"start":{"line":18,"column":2},"end":{"line":18,"column":null}},"4":{"start":{"line":30,"column":17},"end":{"line":30,"column":null}},"5":{"start":{"line":31,"column":17},"end":{"line":31,"column":null}},"6":{"start":{"line":33,"column":2},"end":{"line":37,"column":null}},"7":{"start":{"line":33,"column":15},"end":{"line":33,"column":18}},"8":{"start":{"line":34,"column":4},"end":{"line":36,"column":null}},"9":{"start":{"line":35,"column":6},"end":{"line":35,"column":null}},"10":{"start":{"line":38,"column":2},"end":{"line":38,"column":null}},"11":{"start":{"line":59,"column":14},"end":{"line":59,"column":null}},"12":{"start":{"line":60,"column":14},"end":{"line":60,"column":null}},"13":{"start":{"line":61,"column":2},"end":{"line":61,"column":null}},"14":{"start":{"line":71,"column":16},"end":{"line":71,"column":null}},"15":{"start":{"line":72,"column":2},"end":{"line":72,"column":null}},"16":{"start":{"line":72,"column":26},"end":{"line":72,"column":null}},"17":{"start":{"line":74,"column":2},"end":{"line":77,"column":null}},"18":{"start":{"line":75,"column":16},"end":{"line":75,"column":null}},"19":{"start":{"line":76,"column":4},"end":{"line":76,"column":null}},"20":{"start":{"line":87,"column":16},"end":{"line":87,"column":null}},"21":{"start":{"line":88,"column":2},"end":{"line":90,"column":null}},"22":{"start":{"line":89,"column":4},"end":{"line":89,"column":null}},"23":{"start":{"line":91,"column":2},"end":{"line":91,"column":null}}},"fnMap":{"0":{"name":"parseIpAddress","decl":{"start":{"line":13,"column":16},"end":{"line":13,"column":31}},"loc":{"start":{"line":13,"column":80},"end":{"line":19,"column":null}},"line":13},"1":{"name":"compareIpAddresses","decl":{"start":{"line":29,"column":16},"end":{"line":29,"column":35}},"loc":{"start":{"line":29,"column":69},"end":{"line":39,"column":null}},"line":29},"2":{"name":"compareNodesByIp","decl":{"start":{"line":58,"column":16},"end":{"line":58,"column":59}},"loc":{"start":{"line":58,"column":79},"end":{"line":62,"column":null}},"line":58},"3":{"name":"isValidIpv4","decl":{"start":{"line":70,"column":16},"end":{"line":70,"column":28}},"loc":{"start":{"line":70,"column":49},"end":{"line":78,"column":null}},"line":70},"4":{"name":"(anonymous_4)","decl":{"start":{"line":74,"column":21},"end":{"line":74,"column":22}},"loc":{"start":{"line":74,"column":31},"end":{"line":77,"column":3}},"line":74},"5":{"name":"getSubnet","decl":{"start":{"line":86,"column":16},"end":{"line":86,"column":26}},"loc":{"start":{"line":86,"column":46},"end":{"line":92,"column":null}},"line":86}},"branchMap":{"0":{"loc":{"start":{"line":15,"column":2},"end":{"line":17,"column":null}},"type":"if","locations":[{"start":{"line":15,"column":2},"end":{"line":17,"column":null}},{"start":{},"end":{}}],"line":15},"1":{"loc":{"start":{"line":34,"column":4},"end":{"line":36,"column":null}},"type":"if","locations":[{"start":{"line":34,"column":4},"end":{"line":36,"column":null}},{"start":{},"end":{}}],"line":34},"2":{"loc":{"start":{"line":59,"column":14},"end":{"line":59,"column":null}},"type":"binary-expr","locations":[{"start":{"line":59,"column":14},"end":{"line":59,"column":22}},{"start":{"line":59,"column":22},"end":{"line":59,"column":null}}],"line":59},"3":{"loc":{"start":{"line":60,"column":14},"end":{"line":60,"column":null}},"type":"binary-expr","locations":[{"start":{"line":60,"column":14},"end":{"line":60,"column":22}},{"start":{"line":60,"column":22},"end":{"line":60,"column":null}}],"line":60},"4":{"loc":{"start":{"line":72,"column":2},"end":{"line":72,"column":null}},"type":"if","locations":[{"start":{"line":72,"column":2},"end":{"line":72,"column":null}},{"start":{},"end":{}}],"line":72},"5":{"loc":{"start":{"line":76,"column":11},"end":{"line":76,"column":null}},"type":"binary-expr","locations":[{"start":{"line":76,"column":11},"end":{"line":76,"column":26}},{"start":{"line":76,"column":26},"end":{"line":76,"column":38}},{"start":{"line":76,"column":38},"end":{"line":76,"column":52}},{"start":{"line":76,"column":52},"end":{"line":76,"column":null}}],"line":76},"6":{"loc":{"start":{"line":88,"column":2},"end":{"line":90,"column":null}},"type":"if","locations":[{"start":{"line":88,"column":2},"end":{"line":90,"column":null}},{"start":{},"end":{}}],"line":88},"7":{"loc":{"start":{"line":88,"column":6},"end":{"line":88,"column":76}},"type":"binary-expr","locations":[{"start":{"line":88,"column":6},"end":{"line":88,"column":24}},{"start":{"line":88,"column":24},"end":{"line":88,"column":42}},{"start":{"line":88,"column":42},"end":{"line":88,"column":60}},{"start":{"line":88,"column":60},"end":{"line":88,"column":76}}],"line":88}},"s":{"0":41,"1":41,"2":36,"3":5,"4":15,"5":15,"6":15,"7":15,"8":51,"9":14,"10":1,"11":7,"12":7,"13":7,"14":12,"15":12,"16":3,"17":9,"18":31,"19":31,"20":4,"21":4,"22":2,"23":2},"f":{"0":41,"1":15,"2":7,"3":12,"4":31,"5":4},"b":{"0":[36,5],"1":[14,37],"2":[7,1],"3":[7,2],"4":[3,9],"5":[31,30,29,28],"6":[2,2],"7":[4,2,2,2]},"meta":{"lastBranch":8,"lastFunction":6,"lastStatement":24,"seen":{"f:13:16:13:31":0,"s:14:16:14:Infinity":0,"b:15:2:17:Infinity:undefined:undefined:undefined:undefined":0,"s:15:2:17:Infinity":1,"s:16:4:16:Infinity":2,"s:18:2:18:Infinity":3,"f:29:16:29:35":1,"s:30:17:30:Infinity":4,"s:31:17:31:Infinity":5,"s:33:2:37:Infinity":6,"s:33:15:33:18":7,"b:34:4:36:Infinity:undefined:undefined:undefined:undefined":1,"s:34:4:36:Infinity":8,"s:35:6:35:Infinity":9,"s:38:2:38:Infinity":10,"f:58:16:58:59":2,"s:59:14:59:Infinity":11,"b:59:14:59:22:59:22:59:Infinity":2,"s:60:14:60:Infinity":12,"b:60:14:60:22:60:22:60:Infinity":3,"s:61:2:61:Infinity":13,"f:70:16:70:28":3,"s:71:16:71:Infinity":14,"b:72:2:72:Infinity:undefined:undefined:undefined:undefined":4,"s:72:2:72:Infinity":15,"s:72:26:72:Infinity":16,"s:74:2:77:Infinity":17,"f:74:21:74:22":4,"s:75:16:75:Infinity":18,"s:76:4:76:Infinity":19,"b:76:11:76:26:76:26:76:38:76:38:76:52:76:52:76:Infinity":5,"f:86:16:86:26":5,"s:87:16:87:Infinity":20,"b:88:2:90:Infinity:undefined:undefined:undefined:undefined":6,"s:88:2:90:Infinity":21,"b:88:6:88:24:88:24:88:42:88:42:88:60:88:60:88:76":7,"s:89:4:89:Infinity":22,"s:91:2:91:Infinity":23}}}
}
